Using pre-set license
Built from '2020.3/staging' branch; Version is '2020.3.17f1 (a4537701e4ab) revision 10769271'; Using compiler version '192528614'; Build Type 'Release'
OS: 'Windows 10 Pro; OS build 19043.1237; Version 2009; 64bit' Language: 'en' Physical Memory: 16301 MB
BatchMode: 1, IsHumanControllingUs: 0, StartBugReporterOnCrash: 0, Is64bit: 1, IsPro: 0

COMMAND LINE ARGUMENTS:
C:\Program Files\Unity\Hub\Editor\2020.3.17f1\Editor\Unity.exe
-adb2
-batchMode
-noUpm
-name
AssetImportWorker0
-projectPath
C:/Users/owner/NumberWizard.B4
-logFile
Logs/AssetImportWorker0.log
-srvPort
57196
Successfully changed project path to: C:/Users/owner/NumberWizard.B4
C:/Users/owner/NumberWizard.B4
Using Asset Import Pipeline V2.
Refreshing native plugins compatible for Editor in 171.69 ms, found 3 plugins.
Preloading 0 native plugins for Editor in 0.00 ms.
Initialize engine version: 2020.3.17f1 (a4537701e4ab)
[Subsystems] Discovering subsystems at path C:/Program Files/Unity/Hub/Editor/2020.3.17f1/Editor/Data/Resources/UnitySubsystems
[Subsystems] Discovering subsystems at path C:/Users/owner/NumberWizard.B4/Assets
GfxDevice: creating device client; threaded=0
Direct3D:
    Version:  Direct3D 11.0 [level 11.1]
    Renderer: Intel(R) HD Graphics 520 (ID=0x1916)
    Vendor:   
    VRAM:     8150 MB
    Driver:   27.20.100.8681
Initialize mono
Mono path[0] = 'C:/Program Files/Unity/Hub/Editor/2020.3.17f1/Editor/Data/Managed'
Mono path[1] = 'C:/Program Files/Unity/Hub/Editor/2020.3.17f1/Editor/Data/MonoBleedingEdge/lib/mono/unityjit'
Mono config path = 'C:/Program Files/Unity/Hub/Editor/2020.3.17f1/Editor/Data/MonoBleedingEdge/etc'
Using monoOptions --debugger-agent=transport=dt_socket,embedding=1,server=y,suspend=n,address=127.0.0.1:56936
Begin MonoManager ReloadAssembly
Registering precompiled unity dll's ...
Register platform support module: C:/Program Files/Unity/Hub/Editor/2020.3.17f1/Editor/Data/PlaybackEngines/WebGLSupport/UnityEditor.WebGL.Extensions.dll
Register platform support module: C:/Program Files/Unity/Hub/Editor/2020.3.17f1/Editor/Data/PlaybackEngines/MacStandaloneSupport/UnityEditor.OSXStandalone.Extensions.dll
Register platform support module: C:/Program Files/Unity/Hub/Editor/2020.3.17f1/Editor/Data/PlaybackEngines/WindowsStandaloneSupport/UnityEditor.WindowsStandalone.Extensions.dll
Registered in 0.004778 seconds.
Native extension for WindowsStandalone target not found
Native extension for OSXStandalone target not found
Native extension for WebGL target not found
Refreshing native plugins compatible for Editor in 100.17 ms, found 3 plugins.
Preloading 0 native plugins for Editor in 0.00 ms.
Mono: successfully reloaded assembly
- Completed reload, in  4.330 seconds
Domain Reload Profiling:
	ReloadAssembly (4331ms)
		BeginReloadAssembly (107ms)
			ExecutionOrderSort (0ms)
			DisableScriptedObjects (0ms)
			BackupInstance (0ms)
			ReleaseScriptingObjects (0ms)
			CreateAndSetChildDomain (1ms)
		EndReloadAssembly (1528ms)
			LoadAssemblies (104ms)
			RebuildTransferFunctionScriptingTraits (0ms)
			SetupTypeCache (395ms)
			ReleaseScriptCaches (1ms)
			RebuildScriptCaches (73ms)
			SetupLoadedEditorAssemblies (922ms)
				LogAssemblyErrors (0ms)
				InitializePlatformSupportModulesInManaged (12ms)
				SetLoadedEditorAssemblies (1ms)
				RefreshPlugins (100ms)
				BeforeProcessingInitializeOnLoad (27ms)
				ProcessInitializeOnLoadAttributes (661ms)
				ProcessInitializeOnLoadMethodAttributes (122ms)
				AfterProcessingInitializeOnLoad (0ms)
				EditorAssembliesLoaded (0ms)
			ExecutionOrderSort2 (0ms)
			AwakeInstancesAfterBackupRestoration (0ms)
Platform modules already initialized, skipping
Registering precompiled user dll's ...
Registered in 0.015777 seconds.
Begin MonoManager ReloadAssembly
Symbol file LoadedFromMemory is not a mono symbol file
Error: Could not load signature of Unity.UI.Builder.BuilderTextShadow:.ctor due to: Could not resolve type with token 01000099 (from typeref, class/assembly UnityEngine.UIElements.StyleTextShadow, UnityEngine.UIElementsModule, Version=1.0.0.0, Culture=neutral, PublicKeyToken=null) assembly:UnityEngine.UIElementsModule, Version=1.0.0.0, Culture=neutral, PublicKeyToken=null type:UnityEngine.UIElements.StyleTextShadow member:(null) signature:<none>

The scripted importer 'UIElementsViewImporter' attempted to register file type '.uxml', which is handled by a native Unity importer. Registration rejected.
UnityEngine.StackTraceUtility:ExtractStackTrace ()
UnityEditor.AssetImporters.ScriptedImporter:RegisterScriptedImporters ()

[C:\buildslave\unity\build\Modules/AssetDatabase/Editor/Public/ImporterRegistry.cpp line 245]

The scripted importer 'StyleSheetImporter' attempted to register file type '.uss', which is handled by a native Unity importer. Registration rejected.
UnityEngine.StackTraceUtility:ExtractStackTrace ()
UnityEditor.AssetImporters.ScriptedImporter:RegisterScriptedImporters ()

[C:\buildslave\unity\build\Modules/AssetDatabase/Editor/Public/ImporterRegistry.cpp line 245]

The scripted importer 'ThemeStyleSheetImporter' attempted to register file type '.tss', which is handled by a native Unity importer. Registration rejected.
UnityEngine.StackTraceUtility:ExtractStackTrace ()
UnityEditor.AssetImporters.ScriptedImporter:RegisterScriptedImporters ()

[C:\buildslave\unity\build\Modules/AssetDatabase/Editor/Public/ImporterRegistry.cpp line 245]

ArgumentException: An item with the same key has already been added. Key: UnityEditor.UIElements.EditorAtlasMonitorInjector
Parameter name: key
  at System.Collections.Generic.SortedList`2[TKey,TValue].Add (TKey key, TValue value) [0x00041] in <0463b2ef957545c0a51b42f372cd4fbb>:0 
  at UnityEditor.AssetPostprocessingInternal.GetTextureProcessorsHashString () [0x000a2] in <d0e4b8c1204147f3935b6e9c8b8565ad>:0 
UnityEngine.DebugLogHandler:Internal_LogException(Exception, Object)
UnityEngine.DebugLogHandler:LogException(Exception, Object)
UnityEngine.Logger:LogException(Exception, Object)
UnityEngine.Debug:LogException(Exception)
UnityEditor.AssetPostprocessingInternal:GetTextureProcessorsHashString()

Unloading broken assembly Library/ScriptAssemblies/UnityEditor.UIBuilderModule.dll, this assembly can cause crashes in the runtime

Native extension for WindowsStandalone target not found
Native extension for OSXStandalone target not found
Native extension for WebGL target not found
Refreshing native plugins compatible for Editor in 124.60 ms, found 3 plugins.
Preloading 0 native plugins for Editor in 0.00 ms.
ASSEMBLY OVERRIDES: * override found for Unity assembly UnityEngine.UIElementsModule.dll (override path Library/ScriptAssemblies/UnityEngine.UIElementsModule.dll)
ASSEMBLY OVERRIDES: * override found for Unity assembly UnityEditor.UIElementsModule.dll (override path Library/ScriptAssemblies/UnityEditor.UIElementsModule.dll)
System.Reflection.TargetInvocationException: Exception has been thrown by the target of an invocation. ---> UnityEngine.UnityException: The MakeClientFunc has already been registered. Registration denied.
  at UnityEngine.UIElements.DragAndDropUtility.RegisterMakeClientFunc (System.Func`1[TResult] makeClient) [0x00017] in <f28f649cfb6a4dd5a118cb05800b248d>:0 
  at UnityEditor.UIElements.EditorDragAndDrop.RegisterEditorClient () [0x0000a] in <17cba49fae414354b79f447a7073fc5b>:0 
  at (wrapper managed-to-native) System.Reflection.MonoMethod.InternalInvoke(System.Reflection.MonoMethod,object,object[],System.Exception&)
  at System.Reflection.MonoMethod.Invoke (System.Object obj, System.Reflection.BindingFlags invokeAttr, System.Reflection.Binder binder, System.Object[] parameters, System.Globalization.CultureInfo culture) [0x00032] in <695d1cc93cca45069c528c15c9fdd749>:0 
   --- End of inner exception stack trace ---
  at System.Reflection.MonoMethod.Invoke (System.Object obj, System.Reflection.BindingFlags invokeAttr, System.Reflection.Binder binder, System.Object[] parameters, System.Globalization.CultureInfo culture) [0x00048] in <695d1cc93cca45069c528c15c9fdd749>:0 
  at System.Reflection.MethodBase.Invoke (System.Object obj, System.Object[] parameters) [0x00000] in <695d1cc93cca45069c528c15c9fdd749>:0 
  at UnityEditor.EditorAssemblies.ProcessInitializeOnLoadMethodAttributes () [0x00047] in <d0e4b8c1204147f3935b6e9c8b8565ad>:0 
UnityEngine.StackTraceUtility:ExtractStackTrace ()
UnityEngine.DebugLogHandler:LogFormat (UnityEngine.LogType,UnityEngine.Object,string,object[])
UnityEngine.Logger:Log (UnityEngine.LogType,object)
UnityEngine.Debug:LogError (object)
UnityEditor.EditorAssemblies:ProcessInitializeOnLoadMethodAttributes ()

ASSEMBLY OVERRIDES: * override found for Unity assembly UnityEngine.UIElementsModule.dll (override path Library/ScriptAssemblies/UnityEngine.UIElementsModule.dll)
ASSEMBLY OVERRIDES: * override found for Unity assembly UnityEditor.UIElementsModule.dll (override path Library/ScriptAssemblies/UnityEditor.UIElementsModule.dll)
Mono: successfully reloaded assembly
- Completed reload, in  2.771 seconds
Domain Reload Profiling:
	ReloadAssembly (2773ms)
		BeginReloadAssembly (444ms)
			ExecutionOrderSort (0ms)
			DisableScriptedObjects (7ms)
			BackupInstance (0ms)
			ReleaseScriptingObjects (0ms)
			CreateAndSetChildDomain (34ms)
		EndReloadAssembly (2189ms)
			LoadAssemblies (254ms)
			RebuildTransferFunctionScriptingTraits (0ms)
			SetupTypeCache (697ms)
			ReleaseScriptCaches (1ms)
			RebuildScriptCaches (135ms)
			SetupLoadedEditorAssemblies (962ms)
				LogAssemblyErrors (0ms)
				InitializePlatformSupportModulesInManaged (8ms)
				SetLoadedEditorAssemblies (0ms)
				RefreshPlugins (125ms)
				BeforeProcessingInitializeOnLoad (205ms)
				ProcessInitializeOnLoadAttributes (586ms)
				ProcessInitializeOnLoadMethodAttributes (29ms)
				AfterProcessingInitializeOnLoad (10ms)
				EditorAssembliesLoaded (0ms)
			ExecutionOrderSort2 (0ms)
			AwakeInstancesAfterBackupRestoration (12ms)
Platform modules already initialized, skipping
========================================================================
Worker process is ready to serve import requests
Launched and connected shader compiler UnityShaderCompiler.exe after 0.07 seconds
Refreshing native plugins compatible for Editor in 0.77 ms, found 3 plugins.
Preloading 0 native plugins for Editor in 0.00 ms.
Unloading 2804 Unused Serialized files (Serialized files now loaded: 0)
System memory in use before: 122.4 MB.
System memory in use after: 122.6 MB.

Unloading 30 unused Assets to reduce memory usage. Loaded Objects now: 3240.
Total: 5.130700 ms (FindLiveObjects: 0.450600 ms CreateObjectMapping: 0.186200 ms MarkObjects: 4.385300 ms  DeleteObjects: 0.107100 ms)

AssetImportParameters requested are different than current active one (requested -> active):
  custom:framework-win-MediaFoundation: 216162199b28c13a410421893ffa2e32 -> 
  custom:video-decoder-ogg-theora: a1e56fd34408186e4bbccfd4996cb3dc -> 
  custom:container-muxer-webm: aa71ff27fc2769a1b78a27578f13a17b -> 
  custom:container-demuxer-webm: 4f35f7cbe854078d1ac9338744f61a02 -> 
  custom:container-demuxer-ogg: 62fdf1f143b41e24485cea50d1cbac27 -> 
  custom:video-encoder-webm-vp8: eb34c28f22e8b96e1ab97ce403110664 -> 
  custom:video-decoder-webm-vp8: 9c59270c3fd7afecdb556c50c9e8de78 -> 
  custom:audio-decoder-ogg-vorbis: bf7c407c2cedff20999df2af8eb42d56 -> 
  custom:audio-encoder-webm-vorbis: bf7c407c2cedff20999df2af8eb42d56 -> 
========================================================================
Received Prepare
Registering precompiled user dll's ...
Registered in 0.008032 seconds.
ASSEMBLY OVERRIDES: * override found for Unity assembly UnityEngine.UIElementsModule.dll (override path Library/ScriptAssemblies/UnityEngine.UIElementsModule.dll)
ASSEMBLY OVERRIDES: * override found for Unity assembly UnityEditor.UIElementsModule.dll (override path Library/ScriptAssemblies/UnityEditor.UIElementsModule.dll)
Begin MonoManager ReloadAssembly
Symbol file LoadedFromMemory is not a mono symbol file
Error: Could not load signature of Unity.UI.Builder.BuilderTextShadow:.ctor due to: Could not resolve type with token 01000099 (from typeref, class/assembly UnityEngine.UIElements.StyleTextShadow, UnityEngine.UIElementsModule, Version=1.0.0.0, Culture=neutral, PublicKeyToken=null) assembly:UnityEngine.UIElementsModule, Version=1.0.0.0, Culture=neutral, PublicKeyToken=null type:UnityEngine.UIElements.StyleTextShadow member:(null) signature:<none>

The scripted importer 'UIElementsViewImporter' attempted to register file type '.uxml', which is handled by a native Unity importer. Registration rejected.
UnityEngine.StackTraceUtility:ExtractStackTrace ()
UnityEditor.AssetImporters.ScriptedImporter:RegisterScriptedImporters ()

[C:\buildslave\unity\build\Modules/AssetDatabase/Editor/Public/ImporterRegistry.cpp line 245]

The scripted importer 'StyleSheetImporter' attempted to register file type '.uss', which is handled by a native Unity importer. Registration rejected.
UnityEngine.StackTraceUtility:ExtractStackTrace ()
UnityEditor.AssetImporters.ScriptedImporter:RegisterScriptedImporters ()

[C:\buildslave\unity\build\Modules/AssetDatabase/Editor/Public/ImporterRegistry.cpp line 245]

The scripted importer 'ThemeStyleSheetImporter' attempted to register file type '.tss', which is handled by a native Unity importer. Registration rejected.
UnityEngine.StackTraceUtility:ExtractStackTrace ()
UnityEditor.AssetImporters.ScriptedImporter:RegisterScriptedImporters ()

[C:\buildslave\unity\build\Modules/AssetDatabase/Editor/Public/ImporterRegistry.cpp line 245]

Unloading broken assembly Library/ScriptAssemblies/UnityEditor.UIBuilderModule.dll, this assembly can cause crashes in the runtime

Native extension for WindowsStandalone target not found
Native extension for OSXStandalone target not found
Native extension for WebGL target not found
Refreshing native plugins compatible for Editor in 1.73 ms, found 3 plugins.
Preloading 0 native plugins for Editor in 0.00 ms.
ASSEMBLY OVERRIDES: * override found for Unity assembly UnityEngine.UIElementsModule.dll (override path Library/ScriptAssemblies/UnityEngine.UIElementsModule.dll)
ASSEMBLY OVERRIDES: * override found for Unity assembly UnityEditor.UIElementsModule.dll (override path Library/ScriptAssemblies/UnityEditor.UIElementsModule.dll)
System.Reflection.TargetInvocationException: Exception has been thrown by the target of an invocation. ---> UnityEngine.UnityException: The MakeClientFunc has already been registered. Registration denied.
  at UnityEngine.UIElements.DragAndDropUtility.RegisterMakeClientFunc (System.Func`1[TResult] makeClient) [0x00017] in <f28f649cfb6a4dd5a118cb05800b248d>:0 
  at UnityEditor.UIElements.EditorDragAndDrop.RegisterEditorClient () [0x0000a] in <17cba49fae414354b79f447a7073fc5b>:0 
  at (wrapper managed-to-native) System.Reflection.MonoMethod.InternalInvoke(System.Reflection.MonoMethod,object,object[],System.Exception&)
  at System.Reflection.MonoMethod.Invoke (System.Object obj, System.Reflection.BindingFlags invokeAttr, System.Reflection.Binder binder, System.Object[] parameters, System.Globalization.CultureInfo culture) [0x00032] in <695d1cc93cca45069c528c15c9fdd749>:0 
   --- End of inner exception stack trace ---
  at System.Reflection.MonoMethod.Invoke (System.Object obj, System.Reflection.BindingFlags invokeAttr, System.Reflection.Binder binder, System.Object[] parameters, System.Globalization.CultureInfo culture) [0x00048] in <695d1cc93cca45069c528c15c9fdd749>:0 
  at System.Reflection.MethodBase.Invoke (System.Object obj, System.Object[] parameters) [0x00000] in <695d1cc93cca45069c528c15c9fdd749>:0 
  at UnityEditor.EditorAssemblies.ProcessInitializeOnLoadMethodAttributes () [0x00047] in <d0e4b8c1204147f3935b6e9c8b8565ad>:0 
UnityEngine.StackTraceUtility:ExtractStackTrace ()
UnityEngine.DebugLogHandler:LogFormat (UnityEngine.LogType,UnityEngine.Object,string,object[])
UnityEngine.Logger:Log (UnityEngine.LogType,object)
UnityEngine.Debug:LogError (object)
UnityEditor.EditorAssemblies:ProcessInitializeOnLoadMethodAttributes ()

ASSEMBLY OVERRIDES: * override found for Unity assembly UnityEngine.UIElementsModule.dll (override path Library/ScriptAssemblies/UnityEngine.UIElementsModule.dll)
ASSEMBLY OVERRIDES: * override found for Unity assembly UnityEditor.UIElementsModule.dll (override path Library/ScriptAssemblies/UnityEditor.UIElementsModule.dll)
Mono: successfully reloaded assembly
ArgumentException: An item with the same key has already been added. Key: UnityEditor.UIElements.EditorAtlasMonitorInjector
Parameter name: key
  at System.Collections.Generic.SortedList`2[TKey,TValue].Add (TKey key, TValue value) [0x00041] in <0463b2ef957545c0a51b42f372cd4fbb>:0 
  at UnityEditor.AssetPostprocessingInternal.GetTextureProcessorsHashString () [0x000a2] in <d0e4b8c1204147f3935b6e9c8b8565ad>:0 
UnityEngine.DebugLogHandler:Internal_LogException(Exception, Object)
UnityEngine.DebugLogHandler:LogException(Exception, Object)
UnityEngine.Logger:LogException(Exception, Object)
UnityEngine.Debug:LogException(Exception)
UnityEditor.AssetPostprocessingInternal:GetTextureProcessorsHashString()

- Completed reload, in  2.081 seconds
Domain Reload Profiling:
	ReloadAssembly (2083ms)
		BeginReloadAssembly (191ms)
			ExecutionOrderSort (0ms)
			DisableScriptedObjects (17ms)
			BackupInstance (0ms)
			ReleaseScriptingObjects (0ms)
			CreateAndSetChildDomain (51ms)
		EndReloadAssembly (1751ms)
			LoadAssemblies (159ms)
			RebuildTransferFunctionScriptingTraits (0ms)
			SetupTypeCache (576ms)
			ReleaseScriptCaches (1ms)
			RebuildScriptCaches (81ms)
			SetupLoadedEditorAssemblies (746ms)
				LogAssemblyErrors (0ms)
				InitializePlatformSupportModulesInManaged (12ms)
				SetLoadedEditorAssemblies (1ms)
				RefreshPlugins (2ms)
				BeforeProcessingInitializeOnLoad (271ms)
				ProcessInitializeOnLoadAttributes (435ms)
				ProcessInitializeOnLoadMethodAttributes (18ms)
				AfterProcessingInitializeOnLoad (7ms)
				EditorAssembliesLoaded (0ms)
			ExecutionOrderSort2 (0ms)
			AwakeInstancesAfterBackupRestoration (15ms)
Platform modules already initialized, skipping
Refreshing native plugins compatible for Editor in 1.05 ms, found 3 plugins.
Preloading 0 native plugins for Editor in 0.00 ms.
Unloading 2770 Unused Serialized files (Serialized files now loaded: 0)
System memory in use before: 119.5 MB.
System memory in use after: 119.7 MB.

Unloading 18 unused Assets to reduce memory usage. Loaded Objects now: 3243.
Total: 5.430200 ms (FindLiveObjects: 0.552000 ms CreateObjectMapping: 0.258300 ms MarkObjects: 4.542900 ms  DeleteObjects: 0.075100 ms)

AssetImportParameters requested are different than current active one (requested -> active):
  custom:framework-win-MediaFoundation: 216162199b28c13a410421893ffa2e32 -> 
  custom:video-decoder-ogg-theora: a1e56fd34408186e4bbccfd4996cb3dc -> 
  custom:container-muxer-webm: aa71ff27fc2769a1b78a27578f13a17b -> 
  custom:container-demuxer-webm: 4f35f7cbe854078d1ac9338744f61a02 -> 
  custom:container-demuxer-ogg: 62fdf1f143b41e24485cea50d1cbac27 -> 
  custom:video-encoder-webm-vp8: eb34c28f22e8b96e1ab97ce403110664 -> 
  custom:video-decoder-webm-vp8: 9c59270c3fd7afecdb556c50c9e8de78 -> 
  custom:audio-decoder-ogg-vorbis: bf7c407c2cedff20999df2af8eb42d56 -> 
  custom:audio-encoder-webm-vorbis: bf7c407c2cedff20999df2af8eb42d56 -> 
========================================================================
Received Import Request.
  path: Assets/Scenes/wizard-1454385_640.png
  artifactKey: Guid(755b59d1354178641a8d9e899d091033) Importer(815301076,1909f56bfc062723c751e8b465ee728b)
Start importing Assets/Scenes/wizard-1454385_640.png using Guid(755b59d1354178641a8d9e899d091033) Importer(815301076,1909f56bfc062723c751e8b465ee728b)  -> (artifact id: '7bdf7529e215cac2ed24550f5f08504d') in 0.172564 seconds 
  Import took 0.182604 seconds .

========================================================================
Received Import Request.
  Time since last request: 0.035578 seconds.
  path: Assets/Scenes/wizard-1454385_640.png
  artifactKey: Guid(755b59d1354178641a8d9e899d091033) Importer(815301076,1909f56bfc062723c751e8b465ee728b)
Start importing Assets/Scenes/wizard-1454385_640.png using Guid(755b59d1354178641a8d9e899d091033) Importer(815301076,1909f56bfc062723c751e8b465ee728b)  -> (artifact id: '7bdf7529e215cac2ed24550f5f08504d') in 0.051849 seconds 
  Import took 0.064393 seconds .

========================================================================
Received Import Request.
  Time since last request: 0.037290 seconds.
  path: Assets/Scenes/wizard-1454385_640.png
  artifactKey: Guid(755b59d1354178641a8d9e899d091033) Importer(815301076,1909f56bfc062723c751e8b465ee728b)
Start importing Assets/Scenes/wizard-1454385_640.png using Guid(755b59d1354178641a8d9e899d091033) Importer(815301076,1909f56bfc062723c751e8b465ee728b)  -> (artifact id: '7bdf7529e215cac2ed24550f5f08504d') in 0.041853 seconds 
  Import took 0.057174 seconds .

========================================================================
Received Import Request.
  Time since last request: 0.037876 seconds.
  path: Assets/Scenes/wizard-1454385_640.png
  artifactKey: Guid(755b59d1354178641a8d9e899d091033) Importer(815301076,1909f56bfc062723c751e8b465ee728b)
Start importing Assets/Scenes/wizard-1454385_640.png using Guid(755b59d1354178641a8d9e899d091033) Importer(815301076,1909f56bfc062723c751e8b465ee728b)  -> (artifact id: '7bdf7529e215cac2ed24550f5f08504d') in 0.043536 seconds 
  Import took 0.054689 seconds .

========================================================================
Received Import Request.
  Time since last request: 0.030675 seconds.
  path: Assets/Scenes/wizard-1454385_640.png
  artifactKey: Guid(755b59d1354178641a8d9e899d091033) Importer(815301076,1909f56bfc062723c751e8b465ee728b)
Start importing Assets/Scenes/wizard-1454385_640.png using Guid(755b59d1354178641a8d9e899d091033) Importer(815301076,1909f56bfc062723c751e8b465ee728b)  -> (artifact id: '7bdf7529e215cac2ed24550f5f08504d') in 0.043471 seconds 
  Import took 0.055543 seconds .

========================================================================
Received Import Request.
  Time since last request: 0.032005 seconds.
  path: Assets/Scenes/wizard-1454385_640.png
  artifactKey: Guid(755b59d1354178641a8d9e899d091033) Importer(815301076,1909f56bfc062723c751e8b465ee728b)
Start importing Assets/Scenes/wizard-1454385_640.png using Guid(755b59d1354178641a8d9e899d091033) Importer(815301076,1909f56bfc062723c751e8b465ee728b)  -> (artifact id: '7bdf7529e215cac2ed24550f5f08504d') in 0.057664 seconds 
  Import took 0.070642 seconds .

========================================================================
Received Import Request.
  Time since last request: 0.039981 seconds.
  path: Assets/Scenes/wizard-1454385_640.png
  artifactKey: Guid(755b59d1354178641a8d9e899d091033) Importer(815301076,1909f56bfc062723c751e8b465ee728b)
Start importing Assets/Scenes/wizard-1454385_640.png using Guid(755b59d1354178641a8d9e899d091033) Importer(815301076,1909f56bfc062723c751e8b465ee728b)  -> (artifact id: '7bdf7529e215cac2ed24550f5f08504d') in 0.051112 seconds 
  Import took 0.067345 seconds .

========================================================================
Received Import Request.
  Time since last request: 0.046583 seconds.
  path: Assets/Scenes/wizard-1454385_640.png
  artifactKey: Guid(755b59d1354178641a8d9e899d091033) Importer(815301076,1909f56bfc062723c751e8b465ee728b)
Start importing Assets/Scenes/wizard-1454385_640.png using Guid(755b59d1354178641a8d9e899d091033) Importer(815301076,1909f56bfc062723c751e8b465ee728b)  -> (artifact id: '7bdf7529e215cac2ed24550f5f08504d') in 0.050556 seconds 
  Import took 0.064378 seconds .

========================================================================
Received Import Request.
  Time since last request: 0.053844 seconds.
  path: Assets/Scenes/wizard-1454385_640.png
  artifactKey: Guid(755b59d1354178641a8d9e899d091033) Importer(815301076,1909f56bfc062723c751e8b465ee728b)
Start importing Assets/Scenes/wizard-1454385_640.png using Guid(755b59d1354178641a8d9e899d091033) Importer(815301076,1909f56bfc062723c751e8b465ee728b)  -> (artifact id: '7bdf7529e215cac2ed24550f5f08504d') in 0.046311 seconds 
  Import took 0.058989 seconds .

========================================================================
Received Import Request.
  Time since last request: 0.030480 seconds.
  path: Assets/Scenes/wizard-1454385_640.png
  artifactKey: Guid(755b59d1354178641a8d9e899d091033) Importer(815301076,1909f56bfc062723c751e8b465ee728b)
Start importing Assets/Scenes/wizard-1454385_640.png using Guid(755b59d1354178641a8d9e899d091033) Importer(815301076,1909f56bfc062723c751e8b465ee728b)  -> (artifact id: '7bdf7529e215cac2ed24550f5f08504d') in 0.047624 seconds 
  Import took 0.060113 seconds .

========================================================================
Received Import Request.
  Time since last request: 0.059656 seconds.
  path: Assets/Scenes/wizard-1454385_640.png
  artifactKey: Guid(755b59d1354178641a8d9e899d091033) Importer(815301076,1909f56bfc062723c751e8b465ee728b)
Start importing Assets/Scenes/wizard-1454385_640.png using Guid(755b59d1354178641a8d9e899d091033) Importer(815301076,1909f56bfc062723c751e8b465ee728b)  -> (artifact id: '7bdf7529e215cac2ed24550f5f08504d') in 0.077204 seconds 
  Import took 0.091742 seconds .

========================================================================
Received Import Request.
  Time since last request: 0.084297 seconds.
  path: Assets/Scenes/wizard-1454385_640.png
  artifactKey: Guid(755b59d1354178641a8d9e899d091033) Importer(815301076,1909f56bfc062723c751e8b465ee728b)
Start importing Assets/Scenes/wizard-1454385_640.png using Guid(755b59d1354178641a8d9e899d091033) Importer(815301076,1909f56bfc062723c751e8b465ee728b)  -> (artifact id: '7bdf7529e215cac2ed24550f5f08504d') in 0.063793 seconds 
  Import took 0.073710 seconds .

========================================================================
Received Import Request.
  Time since last request: 0.032865 seconds.
  path: Assets/Scenes/wizard-1454385_640.png
  artifactKey: Guid(755b59d1354178641a8d9e899d091033) Importer(815301076,1909f56bfc062723c751e8b465ee728b)
Start importing Assets/Scenes/wizard-1454385_640.png using Guid(755b59d1354178641a8d9e899d091033) Importer(815301076,1909f56bfc062723c751e8b465ee728b)  -> (artifact id: '7bdf7529e215cac2ed24550f5f08504d') in 0.045686 seconds 
  Import took 0.056248 seconds .

========================================================================
Received Import Request.
  Time since last request: 0.033623 seconds.
  path: Assets/Scenes/wizard-1454385_640.png
  artifactKey: Guid(755b59d1354178641a8d9e899d091033) Importer(815301076,1909f56bfc062723c751e8b465ee728b)
Start importing Assets/Scenes/wizard-1454385_640.png using Guid(755b59d1354178641a8d9e899d091033) Importer(815301076,1909f56bfc062723c751e8b465ee728b)  -> (artifact id: '7bdf7529e215cac2ed24550f5f08504d') in 0.044640 seconds 
  Import took 0.056458 seconds .

========================================================================
Received Import Request.
  Time since last request: 0.038102 seconds.
  path: Assets/Scenes/wizard-1454385_640.png
  artifactKey: Guid(755b59d1354178641a8d9e899d091033) Importer(815301076,1909f56bfc062723c751e8b465ee728b)
Start importing Assets/Scenes/wizard-1454385_640.png using Guid(755b59d1354178641a8d9e899d091033) Importer(815301076,1909f56bfc062723c751e8b465ee728b)  -> (artifact id: '7bdf7529e215cac2ed24550f5f08504d') in 0.055183 seconds 
  Import took 0.070657 seconds .

========================================================================
Received Import Request.
  Time since last request: 0.043701 seconds.
  path: Assets/Scenes/wizard-1454385_640.png
  artifactKey: Guid(755b59d1354178641a8d9e899d091033) Importer(815301076,1909f56bfc062723c751e8b465ee728b)
Start importing Assets/Scenes/wizard-1454385_640.png using Guid(755b59d1354178641a8d9e899d091033) Importer(815301076,1909f56bfc062723c751e8b465ee728b)  -> (artifact id: '7bdf7529e215cac2ed24550f5f08504d') in 0.061340 seconds 
  Import took 0.074756 seconds .

========================================================================
Received Import Request.
  Time since last request: 0.047203 seconds.
  path: Assets/Scenes/wizard-1454385_640.png
  artifactKey: Guid(755b59d1354178641a8d9e899d091033) Importer(815301076,1909f56bfc062723c751e8b465ee728b)
Start importing Assets/Scenes/wizard-1454385_640.png using Guid(755b59d1354178641a8d9e899d091033) Importer(815301076,1909f56bfc062723c751e8b465ee728b)  -> (artifact id: '7bdf7529e215cac2ed24550f5f08504d') in 0.048028 seconds 
  Import took 0.059009 seconds .

========================================================================
Received Import Request.
  Time since last request: 0.035341 seconds.
  path: Assets/Scenes/wizard-1454385_640.png
  artifactKey: Guid(755b59d1354178641a8d9e899d091033) Importer(815301076,1909f56bfc062723c751e8b465ee728b)
Start importing Assets/Scenes/wizard-1454385_640.png using Guid(755b59d1354178641a8d9e899d091033) Importer(815301076,1909f56bfc062723c751e8b465ee728b)  -> (artifact id: '7bdf7529e215cac2ed24550f5f08504d') in 0.043323 seconds 
  Import took 0.054015 seconds .

========================================================================
Received Import Request.
  Time since last request: 0.038129 seconds.
  path: Assets/Scenes/wizard-1454385_640.png
  artifactKey: Guid(755b59d1354178641a8d9e899d091033) Importer(815301076,1909f56bfc062723c751e8b465ee728b)
Start importing Assets/Scenes/wizard-1454385_640.png using Guid(755b59d1354178641a8d9e899d091033) Importer(815301076,1909f56bfc062723c751e8b465ee728b)  -> (artifact id: '7bdf7529e215cac2ed24550f5f08504d') in 0.042983 seconds 
  Import took 0.054938 seconds .

========================================================================
Received Import Request.
  Time since last request: 0.053565 seconds.
  path: Assets/Scenes/wizard-1454385_640.png
  artifactKey: Guid(755b59d1354178641a8d9e899d091033) Importer(815301076,1909f56bfc062723c751e8b465ee728b)
Start importing Assets/Scenes/wizard-1454385_640.png using Guid(755b59d1354178641a8d9e899d091033) Importer(815301076,1909f56bfc062723c751e8b465ee728b)  -> (artifact id: '7bdf7529e215cac2ed24550f5f08504d') in 0.055246 seconds 
  Import took 0.066167 seconds .

========================================================================
Received Import Request.
  Time since last request: 0.037231 seconds.
  path: Assets/Scenes/wizard-1454385_640.png
  artifactKey: Guid(755b59d1354178641a8d9e899d091033) Importer(815301076,1909f56bfc062723c751e8b465ee728b)
Start importing Assets/Scenes/wizard-1454385_640.png using Guid(755b59d1354178641a8d9e899d091033) Importer(815301076,1909f56bfc062723c751e8b465ee728b)  -> (artifact id: '7bdf7529e215cac2ed24550f5f08504d') in 0.055822 seconds 
  Import took 0.069391 seconds .

========================================================================
Received Import Request.
  Time since last request: 0.043308 seconds.
  path: Assets/Scenes/wizard-1454385_640.png
  artifactKey: Guid(755b59d1354178641a8d9e899d091033) Importer(815301076,1909f56bfc062723c751e8b465ee728b)
Start importing Assets/Scenes/wizard-1454385_640.png using Guid(755b59d1354178641a8d9e899d091033) Importer(815301076,1909f56bfc062723c751e8b465ee728b)  -> (artifact id: '7bdf7529e215cac2ed24550f5f08504d') in 0.063065 seconds 
  Import took 0.075509 seconds .

========================================================================
Received Import Request.
  Time since last request: 5.912514 seconds.
  path: Assets/Scenes/wizard-1454385_640.png
  artifactKey: Guid(755b59d1354178641a8d9e899d091033) Importer(815301076,1909f56bfc062723c751e8b465ee728b)
Start importing Assets/Scenes/wizard-1454385_640.png using Guid(755b59d1354178641a8d9e899d091033) Importer(815301076,1909f56bfc062723c751e8b465ee728b)  -> (artifact id: '7bdf7529e215cac2ed24550f5f08504d') in 0.060386 seconds 
  Import took 0.068334 seconds .

========================================================================
Received Import Request.
  Time since last request: 0.032846 seconds.
  path: Assets/Scenes/wizard-1454385_640.png
  artifactKey: Guid(755b59d1354178641a8d9e899d091033) Importer(815301076,1909f56bfc062723c751e8b465ee728b)
Start importing Assets/Scenes/wizard-1454385_640.png using Guid(755b59d1354178641a8d9e899d091033) Importer(815301076,1909f56bfc062723c751e8b465ee728b)  -> (artifact id: '7bdf7529e215cac2ed24550f5f08504d') in 0.049037 seconds 
  Import took 0.061940 seconds .

========================================================================
Received Import Request.
  Time since last request: 0.038499 seconds.
  path: Assets/Scenes/wizard-1454385_640.png
  artifactKey: Guid(755b59d1354178641a8d9e899d091033) Importer(815301076,1909f56bfc062723c751e8b465ee728b)
Start importing Assets/Scenes/wizard-1454385_640.png using Guid(755b59d1354178641a8d9e899d091033) Importer(815301076,1909f56bfc062723c751e8b465ee728b)  -> (artifact id: '7bdf7529e215cac2ed24550f5f08504d') in 0.060034 seconds 
  Import took 0.073874 seconds .

========================================================================
Received Import Request.
  Time since last request: 0.042113 seconds.
  path: Assets/Scenes/wizard-1454385_640.png
  artifactKey: Guid(755b59d1354178641a8d9e899d091033) Importer(815301076,1909f56bfc062723c751e8b465ee728b)
Start importing Assets/Scenes/wizard-1454385_640.png using Guid(755b59d1354178641a8d9e899d091033) Importer(815301076,1909f56bfc062723c751e8b465ee728b)  -> (artifact id: '7bdf7529e215cac2ed24550f5f08504d') in 0.062596 seconds 
  Import took 0.079978 seconds .

========================================================================
Received Import Request.
  Time since last request: 0.040157 seconds.
  path: Assets/Scenes/wizard-1454385_640.png
  artifactKey: Guid(755b59d1354178641a8d9e899d091033) Importer(815301076,1909f56bfc062723c751e8b465ee728b)
Start importing Assets/Scenes/wizard-1454385_640.png using Guid(755b59d1354178641a8d9e899d091033) Importer(815301076,1909f56bfc062723c751e8b465ee728b)  -> (artifact id: '7bdf7529e215cac2ed24550f5f08504d') in 0.065371 seconds 
  Import took 0.080074 seconds .

========================================================================
Received Import Request.
  Time since last request: 0.035104 seconds.
  path: Assets/Scenes/wizard-1454385_640.png
  artifactKey: Guid(755b59d1354178641a8d9e899d091033) Importer(815301076,1909f56bfc062723c751e8b465ee728b)
Start importing Assets/Scenes/wizard-1454385_640.png using Guid(755b59d1354178641a8d9e899d091033) Importer(815301076,1909f56bfc062723c751e8b465ee728b)  -> (artifact id: '7bdf7529e215cac2ed24550f5f08504d') in 0.063425 seconds 
  Import took 0.076402 seconds .

========================================================================
Received Import Request.
  Time since last request: 0.041636 seconds.
  path: Assets/Scenes/wizard-1454385_640.png
  artifactKey: Guid(755b59d1354178641a8d9e899d091033) Importer(815301076,1909f56bfc062723c751e8b465ee728b)
Start importing Assets/Scenes/wizard-1454385_640.png using Guid(755b59d1354178641a8d9e899d091033) Importer(815301076,1909f56bfc062723c751e8b465ee728b)  -> (artifact id: '7bdf7529e215cac2ed24550f5f08504d') in 0.090595 seconds 
  Import took 0.102277 seconds .

========================================================================
Received Import Request.
  Time since last request: 0.043992 seconds.
  path: Assets/Scenes/wizard-1454385_640.png
  artifactKey: Guid(755b59d1354178641a8d9e899d091033) Importer(815301076,1909f56bfc062723c751e8b465ee728b)
Start importing Assets/Scenes/wizard-1454385_640.png using Guid(755b59d1354178641a8d9e899d091033) Importer(815301076,1909f56bfc062723c751e8b465ee728b)  -> (artifact id: '7bdf7529e215cac2ed24550f5f08504d') in 0.047721 seconds 
  Import took 0.058187 seconds .

========================================================================
Received Import Request.
  Time since last request: 0.048871 seconds.
  path: Assets/Scenes/wizard-1454385_640.png
  artifactKey: Guid(755b59d1354178641a8d9e899d091033) Importer(815301076,1909f56bfc062723c751e8b465ee728b)
Start importing Assets/Scenes/wizard-1454385_640.png using Guid(755b59d1354178641a8d9e899d091033) Importer(815301076,1909f56bfc062723c751e8b465ee728b)  -> (artifact id: '7bdf7529e215cac2ed24550f5f08504d') in 0.069215 seconds 
  Import took 0.081779 seconds .

========================================================================
Received Import Request.
  Time since last request: 0.045312 seconds.
  path: Assets/Scenes/wizard-1454385_640.png
  artifactKey: Guid(755b59d1354178641a8d9e899d091033) Importer(815301076,1909f56bfc062723c751e8b465ee728b)
Start importing Assets/Scenes/wizard-1454385_640.png using Guid(755b59d1354178641a8d9e899d091033) Importer(815301076,1909f56bfc062723c751e8b465ee728b)  -> (artifact id: '7bdf7529e215cac2ed24550f5f08504d') in 0.077308 seconds 
  Import took 0.090688 seconds .

========================================================================
Received Import Request.
  Time since last request: 0.038080 seconds.
  path: Assets/Scenes/wizard-1454385_640.png
  artifactKey: Guid(755b59d1354178641a8d9e899d091033) Importer(815301076,1909f56bfc062723c751e8b465ee728b)
Start importing Assets/Scenes/wizard-1454385_640.png using Guid(755b59d1354178641a8d9e899d091033) Importer(815301076,1909f56bfc062723c751e8b465ee728b)  -> (artifact id: '7bdf7529e215cac2ed24550f5f08504d') in 0.048368 seconds 
  Import took 0.060395 seconds .

========================================================================
Received Import Request.
  Time since last request: 0.038827 seconds.
  path: Assets/Scenes/wizard-1454385_640.png
  artifactKey: Guid(755b59d1354178641a8d9e899d091033) Importer(815301076,1909f56bfc062723c751e8b465ee728b)
Start importing Assets/Scenes/wizard-1454385_640.png using Guid(755b59d1354178641a8d9e899d091033) Importer(815301076,1909f56bfc062723c751e8b465ee728b)  -> (artifact id: '7bdf7529e215cac2ed24550f5f08504d') in 0.072745 seconds 
  Import took 0.089887 seconds .

========================================================================
Received Import Request.
  Time since last request: 0.045620 seconds.
  path: Assets/Scenes/wizard-1454385_640.png
  artifactKey: Guid(755b59d1354178641a8d9e899d091033) Importer(815301076,1909f56bfc062723c751e8b465ee728b)
Start importing Assets/Scenes/wizard-1454385_640.png using Guid(755b59d1354178641a8d9e899d091033) Importer(815301076,1909f56bfc062723c751e8b465ee728b)  -> (artifact id: '7bdf7529e215cac2ed24550f5f08504d') in 0.055649 seconds 
  Import took 0.065849 seconds .

========================================================================
Received Import Request.
  Time since last request: 0.000298 seconds.
  path: Assets/Scenes/EndGame.unity
  artifactKey: Guid(fad26cdab1bb7e94e851db64991cdaf0) Importer(815301076,1909f56bfc062723c751e8b465ee728b)
Start importing Assets/Scenes/EndGame.unity using Guid(fad26cdab1bb7e94e851db64991cdaf0) Importer(815301076,1909f56bfc062723c751e8b465ee728b)  -> (artifact id: 'e9912fb536bb8b19cfd6da49e3a3ebd4') in 0.042323 seconds 
  Import took 0.050786 seconds .

========================================================================
Received Import Request.
  Time since last request: 0.003649 seconds.
  path: Assets/Scenes/wizard-1454385_640.png
  artifactKey: Guid(755b59d1354178641a8d9e899d091033) Importer(815301076,1909f56bfc062723c751e8b465ee728b)
Start importing Assets/Scenes/wizard-1454385_640.png using Guid(755b59d1354178641a8d9e899d091033) Importer(815301076,1909f56bfc062723c751e8b465ee728b)  -> (artifact id: '7bdf7529e215cac2ed24550f5f08504d') in 0.056111 seconds 
  Import took 0.063319 seconds .

========================================================================
Received Import Request.
  Time since last request: 0.032201 seconds.
  path: Assets/Scenes/wizard-1454385_640.png
  artifactKey: Guid(755b59d1354178641a8d9e899d091033) Importer(815301076,1909f56bfc062723c751e8b465ee728b)
Start importing Assets/Scenes/wizard-1454385_640.png using Guid(755b59d1354178641a8d9e899d091033) Importer(815301076,1909f56bfc062723c751e8b465ee728b)  -> (artifact id: '7bdf7529e215cac2ed24550f5f08504d') in 0.057485 seconds 
  Import took 0.065951 seconds .

========================================================================
Received Import Request.
  Time since last request: 0.042271 seconds.
  path: Assets/Scenes/wizard-1454385_640.png
  artifactKey: Guid(755b59d1354178641a8d9e899d091033) Importer(815301076,1909f56bfc062723c751e8b465ee728b)
Start importing Assets/Scenes/wizard-1454385_640.png using Guid(755b59d1354178641a8d9e899d091033) Importer(815301076,1909f56bfc062723c751e8b465ee728b)  -> (artifact id: '7bdf7529e215cac2ed24550f5f08504d') in 0.067142 seconds 
  Import took 0.076593 seconds .

========================================================================
Received Import Request.
  Time since last request: 0.089659 seconds.
  path: Assets/Scenes/wizard-1454385_640.png
  artifactKey: Guid(755b59d1354178641a8d9e899d091033) Importer(815301076,1909f56bfc062723c751e8b465ee728b)
Start importing Assets/Scenes/wizard-1454385_640.png using Guid(755b59d1354178641a8d9e899d091033) Importer(815301076,1909f56bfc062723c751e8b465ee728b)  -> (artifact id: '7bdf7529e215cac2ed24550f5f08504d') in 0.061644 seconds 
  Import took 0.069640 seconds .

========================================================================
Received Import Request.
  Time since last request: 0.004898 seconds.
  path: Assets/Scenes/wizard-1454385_640.png
  artifactKey: Guid(755b59d1354178641a8d9e899d091033) Importer(815301076,1909f56bfc062723c751e8b465ee728b)
Start importing Assets/Scenes/wizard-1454385_640.png using Guid(755b59d1354178641a8d9e899d091033) Importer(815301076,1909f56bfc062723c751e8b465ee728b)  -> (artifact id: '7bdf7529e215cac2ed24550f5f08504d') in 0.079720 seconds 
  Import took 0.088265 seconds .

========================================================================
Received Import Request.
  Time since last request: 0.033462 seconds.
  path: Assets/Scenes/wizard-1454385_640.png
  artifactKey: Guid(755b59d1354178641a8d9e899d091033) Importer(815301076,1909f56bfc062723c751e8b465ee728b)
Start importing Assets/Scenes/wizard-1454385_640.png using Guid(755b59d1354178641a8d9e899d091033) Importer(815301076,1909f56bfc062723c751e8b465ee728b)  -> (artifact id: '7bdf7529e215cac2ed24550f5f08504d') in 0.087380 seconds 
  Import took 0.096047 seconds .

========================================================================
Received Import Request.
  Time since last request: 0.035693 seconds.
  path: Assets/Scenes/wizard-1454385_640.png
  artifactKey: Guid(755b59d1354178641a8d9e899d091033) Importer(815301076,1909f56bfc062723c751e8b465ee728b)
Start importing Assets/Scenes/wizard-1454385_640.png using Guid(755b59d1354178641a8d9e899d091033) Importer(815301076,1909f56bfc062723c751e8b465ee728b)  -> (artifact id: '7bdf7529e215cac2ed24550f5f08504d') in 0.066925 seconds 
  Import took 0.077964 seconds .

========================================================================
Received Import Request.
  Time since last request: 0.043257 seconds.
  path: Assets/Scenes/wizard-1454385_640.png
  artifactKey: Guid(755b59d1354178641a8d9e899d091033) Importer(815301076,1909f56bfc062723c751e8b465ee728b)
Start importing Assets/Scenes/wizard-1454385_640.png using Guid(755b59d1354178641a8d9e899d091033) Importer(815301076,1909f56bfc062723c751e8b465ee728b)  -> (artifact id: '7bdf7529e215cac2ed24550f5f08504d') in 0.083181 seconds 
  Import took 0.098765 seconds .

========================================================================
Received Import Request.
  Time since last request: 0.034971 seconds.
  path: Assets/Scenes/wizard-1454385_640.png
  artifactKey: Guid(755b59d1354178641a8d9e899d091033) Importer(815301076,1909f56bfc062723c751e8b465ee728b)
Start importing Assets/Scenes/wizard-1454385_640.png using Guid(755b59d1354178641a8d9e899d091033) Importer(815301076,1909f56bfc062723c751e8b465ee728b)  -> (artifact id: '7bdf7529e215cac2ed24550f5f08504d') in 0.055266 seconds 
  Import took 0.063463 seconds .

========================================================================
Received Import Request.
  Time since last request: 0.006552 seconds.
  path: Assets/Scenes/wizard-1454385_640.png
  artifactKey: Guid(755b59d1354178641a8d9e899d091033) Importer(815301076,1909f56bfc062723c751e8b465ee728b)
Start importing Assets/Scenes/wizard-1454385_640.png using Guid(755b59d1354178641a8d9e899d091033) Importer(815301076,1909f56bfc062723c751e8b465ee728b)  -> (artifact id: '7bdf7529e215cac2ed24550f5f08504d') in 0.065689 seconds 
  Import took 0.074638 seconds .

========================================================================
Received Import Request.
  Time since last request: 0.026901 seconds.
  path: Assets/Scenes/wizard-1454385_640.png
  artifactKey: Guid(755b59d1354178641a8d9e899d091033) Importer(815301076,1909f56bfc062723c751e8b465ee728b)
Start importing Assets/Scenes/wizard-1454385_640.png using Guid(755b59d1354178641a8d9e899d091033) Importer(815301076,1909f56bfc062723c751e8b465ee728b)  -> (artifact id: '7bdf7529e215cac2ed24550f5f08504d') in 0.050910 seconds 
  Import took 0.059547 seconds .

========================================================================
Received Import Request.
  Time since last request: 0.030050 seconds.
  path: Assets/Scenes/wizard-1454385_640.png
  artifactKey: Guid(755b59d1354178641a8d9e899d091033) Importer(815301076,1909f56bfc062723c751e8b465ee728b)
Start importing Assets/Scenes/wizard-1454385_640.png using Guid(755b59d1354178641a8d9e899d091033) Importer(815301076,1909f56bfc062723c751e8b465ee728b)  -> (artifact id: '7bdf7529e215cac2ed24550f5f08504d') in 0.055384 seconds 
  Import took 0.063973 seconds .

========================================================================
Received Import Request.
  Time since last request: 0.029894 seconds.
  path: Assets/Scenes/wizard-1454385_640.png
  artifactKey: Guid(755b59d1354178641a8d9e899d091033) Importer(815301076,1909f56bfc062723c751e8b465ee728b)
Start importing Assets/Scenes/wizard-1454385_640.png using Guid(755b59d1354178641a8d9e899d091033) Importer(815301076,1909f56bfc062723c751e8b465ee728b)  -> (artifact id: '7bdf7529e215cac2ed24550f5f08504d') in 0.053636 seconds 
  Import took 0.062696 seconds .

========================================================================
Received Import Request.
  Time since last request: 0.029501 seconds.
  path: Assets/Scenes/wizard-1454385_640.png
  artifactKey: Guid(755b59d1354178641a8d9e899d091033) Importer(815301076,1909f56bfc062723c751e8b465ee728b)
Start importing Assets/Scenes/wizard-1454385_640.png using Guid(755b59d1354178641a8d9e899d091033) Importer(815301076,1909f56bfc062723c751e8b465ee728b)  -> (artifact id: '7bdf7529e215cac2ed24550f5f08504d') in 0.056250 seconds 
  Import took 0.063502 seconds .

========================================================================
Received Import Request.
  Time since last request: 0.032873 seconds.
  path: Assets/Scenes/wizard-1454385_640.png
  artifactKey: Guid(755b59d1354178641a8d9e899d091033) Importer(815301076,1909f56bfc062723c751e8b465ee728b)
Start importing Assets/Scenes/wizard-1454385_640.png using Guid(755b59d1354178641a8d9e899d091033) Importer(815301076,1909f56bfc062723c751e8b465ee728b)  -> (artifact id: '7bdf7529e215cac2ed24550f5f08504d') in 0.053379 seconds 
  Import took 0.061980 seconds .

========================================================================
Received Import Request.
  Time since last request: 0.029180 seconds.
  path: Assets/Scenes/wizard-1454385_640.png
  artifactKey: Guid(755b59d1354178641a8d9e899d091033) Importer(815301076,1909f56bfc062723c751e8b465ee728b)
Start importing Assets/Scenes/wizard-1454385_640.png using Guid(755b59d1354178641a8d9e899d091033) Importer(815301076,1909f56bfc062723c751e8b465ee728b)  -> (artifact id: '7bdf7529e215cac2ed24550f5f08504d') in 0.055285 seconds 
  Import took 0.062564 seconds .

========================================================================
Received Import Request.
  Time since last request: 0.039851 seconds.
  path: Assets/Scenes/wizard-1454385_640.png
  artifactKey: Guid(755b59d1354178641a8d9e899d091033) Importer(815301076,1909f56bfc062723c751e8b465ee728b)
Start importing Assets/Scenes/wizard-1454385_640.png using Guid(755b59d1354178641a8d9e899d091033) Importer(815301076,1909f56bfc062723c751e8b465ee728b)  -> (artifact id: '7bdf7529e215cac2ed24550f5f08504d') in 0.073395 seconds 
  Import took 0.086416 seconds .

========================================================================
Received Import Request.
  Time since last request: 0.006322 seconds.
  path: Assets/Scenes/wizard-1454385_640.png
  artifactKey: Guid(755b59d1354178641a8d9e899d091033) Importer(815301076,1909f56bfc062723c751e8b465ee728b)
Start importing Assets/Scenes/wizard-1454385_640.png using Guid(755b59d1354178641a8d9e899d091033) Importer(815301076,1909f56bfc062723c751e8b465ee728b)  -> (artifact id: '7bdf7529e215cac2ed24550f5f08504d') in 0.074655 seconds 
  Import took 0.086510 seconds .

========================================================================
Received Import Request.
  Time since last request: 0.000078 seconds.
  path: Assets/Scenes/PlayGame.unity
  artifactKey: Guid(2d6ed29e4b6f03044ba6299007821a0f) Importer(815301076,1909f56bfc062723c751e8b465ee728b)
Start importing Assets/Scenes/PlayGame.unity using Guid(2d6ed29e4b6f03044ba6299007821a0f) Importer(815301076,1909f56bfc062723c751e8b465ee728b)  -> (artifact id: '6a2a6728732a3b30f19265fa35c3b220') in 0.046418 seconds 
  Import took 0.054039 seconds .

========================================================================
Received Import Request.
  Time since last request: 0.068140 seconds.
  path: Assets/Scenes/wizard-1454385_640.png
  artifactKey: Guid(755b59d1354178641a8d9e899d091033) Importer(815301076,1909f56bfc062723c751e8b465ee728b)
Start importing Assets/Scenes/wizard-1454385_640.png using Guid(755b59d1354178641a8d9e899d091033) Importer(815301076,1909f56bfc062723c751e8b465ee728b)  -> (artifact id: '7bdf7529e215cac2ed24550f5f08504d') in 0.061525 seconds 
  Import took 0.070503 seconds .

========================================================================
Received Import Request.
  Time since last request: 0.029163 seconds.
  path: Assets/Scenes/wizard-1454385_640.png
  artifactKey: Guid(755b59d1354178641a8d9e899d091033) Importer(815301076,1909f56bfc062723c751e8b465ee728b)
Start importing Assets/Scenes/wizard-1454385_640.png using Guid(755b59d1354178641a8d9e899d091033) Importer(815301076,1909f56bfc062723c751e8b465ee728b)  -> (artifact id: '7bdf7529e215cac2ed24550f5f08504d') in 0.057865 seconds 
  Import took 0.069529 seconds .

========================================================================
Received Import Request.
  Time since last request: 0.032136 seconds.
  path: Assets/Scenes/wizard-1454385_640.png
  artifactKey: Guid(755b59d1354178641a8d9e899d091033) Importer(815301076,1909f56bfc062723c751e8b465ee728b)
Start importing Assets/Scenes/wizard-1454385_640.png using Guid(755b59d1354178641a8d9e899d091033) Importer(815301076,1909f56bfc062723c751e8b465ee728b)  -> (artifact id: '7bdf7529e215cac2ed24550f5f08504d') in 0.054786 seconds 
  Import took 0.063579 seconds .

========================================================================
Received Import Request.
  Time since last request: 0.034866 seconds.
  path: Assets/Scenes/wizard-1454385_640.png
  artifactKey: Guid(755b59d1354178641a8d9e899d091033) Importer(815301076,1909f56bfc062723c751e8b465ee728b)
Start importing Assets/Scenes/wizard-1454385_640.png using Guid(755b59d1354178641a8d9e899d091033) Importer(815301076,1909f56bfc062723c751e8b465ee728b)  -> (artifact id: '7bdf7529e215cac2ed24550f5f08504d') in 0.053695 seconds 
  Import took 0.063873 seconds .

========================================================================
Received Import Request.
  Time since last request: 0.033241 seconds.
  path: Assets/Scenes/wizard-1454385_640.png
  artifactKey: Guid(755b59d1354178641a8d9e899d091033) Importer(815301076,1909f56bfc062723c751e8b465ee728b)
Start importing Assets/Scenes/wizard-1454385_640.png using Guid(755b59d1354178641a8d9e899d091033) Importer(815301076,1909f56bfc062723c751e8b465ee728b)  -> (artifact id: '7bdf7529e215cac2ed24550f5f08504d') in 0.047916 seconds 
  Import took 0.057011 seconds .

========================================================================
Received Import Request.
  Time since last request: 0.033005 seconds.
  path: Assets/Scenes/wizard-1454385_640.png
  artifactKey: Guid(755b59d1354178641a8d9e899d091033) Importer(815301076,1909f56bfc062723c751e8b465ee728b)
Start importing Assets/Scenes/wizard-1454385_640.png using Guid(755b59d1354178641a8d9e899d091033) Importer(815301076,1909f56bfc062723c751e8b465ee728b)  -> (artifact id: '7bdf7529e215cac2ed24550f5f08504d') in 0.047161 seconds 
  Import took 0.054290 seconds .

========================================================================
Received Import Request.
  Time since last request: 0.027142 seconds.
  path: Assets/Scenes/wizard-1454385_640.png
  artifactKey: Guid(755b59d1354178641a8d9e899d091033) Importer(815301076,1909f56bfc062723c751e8b465ee728b)
Start importing Assets/Scenes/wizard-1454385_640.png using Guid(755b59d1354178641a8d9e899d091033) Importer(815301076,1909f56bfc062723c751e8b465ee728b)  -> (artifact id: '7bdf7529e215cac2ed24550f5f08504d') in 0.070814 seconds 
  Import took 0.079506 seconds .

========================================================================
Received Import Request.
  Time since last request: 0.027698 seconds.
  path: Assets/Scenes/wizard-1454385_640.png
  artifactKey: Guid(755b59d1354178641a8d9e899d091033) Importer(815301076,1909f56bfc062723c751e8b465ee728b)
Start importing Assets/Scenes/wizard-1454385_640.png using Guid(755b59d1354178641a8d9e899d091033) Importer(815301076,1909f56bfc062723c751e8b465ee728b)  -> (artifact id: '7bdf7529e215cac2ed24550f5f08504d') in 0.065250 seconds 
  Import took 0.073513 seconds .

========================================================================
Received Import Request.
  Time since last request: 0.038980 seconds.
  path: Assets/Scenes/wizard-1454385_640.png
  artifactKey: Guid(755b59d1354178641a8d9e899d091033) Importer(815301076,1909f56bfc062723c751e8b465ee728b)
Start importing Assets/Scenes/wizard-1454385_640.png using Guid(755b59d1354178641a8d9e899d091033) Importer(815301076,1909f56bfc062723c751e8b465ee728b)  -> (artifact id: '7bdf7529e215cac2ed24550f5f08504d') in 0.064700 seconds 
  Import took 0.074169 seconds .

========================================================================
Received Import Request.
  Time since last request: 0.011441 seconds.
  path: Assets/Scenes/wizard-1454385_640.png
  artifactKey: Guid(755b59d1354178641a8d9e899d091033) Importer(815301076,1909f56bfc062723c751e8b465ee728b)
Start importing Assets/Scenes/wizard-1454385_640.png using Guid(755b59d1354178641a8d9e899d091033) Importer(815301076,1909f56bfc062723c751e8b465ee728b)  -> (artifact id: '7bdf7529e215cac2ed24550f5f08504d') in 0.070967 seconds 
  Import took 0.081122 seconds .

========================================================================
Received Import Request.
  Time since last request: 0.087925 seconds.
  path: Assets/Scenes/wizard-1454385_640.png
  artifactKey: Guid(755b59d1354178641a8d9e899d091033) Importer(815301076,1909f56bfc062723c751e8b465ee728b)
Start importing Assets/Scenes/wizard-1454385_640.png using Guid(755b59d1354178641a8d9e899d091033) Importer(815301076,1909f56bfc062723c751e8b465ee728b)  -> (artifact id: '7bdf7529e215cac2ed24550f5f08504d') in 0.062214 seconds 
  Import took 0.069044 seconds .

========================================================================
Received Import Request.
  Time since last request: 0.018308 seconds.
  path: Assets/Scenes/wizard-1454385_640.png
  artifactKey: Guid(755b59d1354178641a8d9e899d091033) Importer(815301076,1909f56bfc062723c751e8b465ee728b)
Start importing Assets/Scenes/wizard-1454385_640.png using Guid(755b59d1354178641a8d9e899d091033) Importer(815301076,1909f56bfc062723c751e8b465ee728b)  -> (artifact id: '7bdf7529e215cac2ed24550f5f08504d') in 0.072398 seconds 
  Import took 0.081283 seconds .

========================================================================
Received Import Request.
  Time since last request: 0.029182 seconds.
  path: Assets/Scenes/wizard-1454385_640.png
  artifactKey: Guid(755b59d1354178641a8d9e899d091033) Importer(815301076,1909f56bfc062723c751e8b465ee728b)
Start importing Assets/Scenes/wizard-1454385_640.png using Guid(755b59d1354178641a8d9e899d091033) Importer(815301076,1909f56bfc062723c751e8b465ee728b)  -> (artifact id: '7bdf7529e215cac2ed24550f5f08504d') in 0.052768 seconds 
  Import took 0.060317 seconds .

========================================================================
Received Import Request.
  Time since last request: 0.032019 seconds.
  path: Assets/Scenes/wizard-1454385_640.png
  artifactKey: Guid(755b59d1354178641a8d9e899d091033) Importer(815301076,1909f56bfc062723c751e8b465ee728b)
Start importing Assets/Scenes/wizard-1454385_640.png using Guid(755b59d1354178641a8d9e899d091033) Importer(815301076,1909f56bfc062723c751e8b465ee728b)  -> (artifact id: '7bdf7529e215cac2ed24550f5f08504d') in 0.047912 seconds 
  Import took 0.056641 seconds .

========================================================================
Received Import Request.
  Time since last request: 0.026289 seconds.
  path: Assets/Scenes/wizard-1454385_640.png
  artifactKey: Guid(755b59d1354178641a8d9e899d091033) Importer(815301076,1909f56bfc062723c751e8b465ee728b)
Start importing Assets/Scenes/wizard-1454385_640.png using Guid(755b59d1354178641a8d9e899d091033) Importer(815301076,1909f56bfc062723c751e8b465ee728b)  -> (artifact id: '7bdf7529e215cac2ed24550f5f08504d') in 0.052257 seconds 
  Import took 0.060205 seconds .

========================================================================
Received Import Request.
  Time since last request: 0.029924 seconds.
  path: Assets/Scenes/wizard-1454385_640.png
  artifactKey: Guid(755b59d1354178641a8d9e899d091033) Importer(815301076,1909f56bfc062723c751e8b465ee728b)
Start importing Assets/Scenes/wizard-1454385_640.png using Guid(755b59d1354178641a8d9e899d091033) Importer(815301076,1909f56bfc062723c751e8b465ee728b)  -> (artifact id: '7bdf7529e215cac2ed24550f5f08504d') in 0.049961 seconds 
  Import took 0.057465 seconds .

========================================================================
Received Import Request.
  Time since last request: 0.032850 seconds.
  path: Assets/Scenes/wizard-1454385_640.png
  artifactKey: Guid(755b59d1354178641a8d9e899d091033) Importer(815301076,1909f56bfc062723c751e8b465ee728b)
Start importing Assets/Scenes/wizard-1454385_640.png using Guid(755b59d1354178641a8d9e899d091033) Importer(815301076,1909f56bfc062723c751e8b465ee728b)  -> (artifact id: '7bdf7529e215cac2ed24550f5f08504d') in 0.066590 seconds 
  Import took 0.076294 seconds .

========================================================================
Received Import Request.
  Time since last request: 0.039841 seconds.
  path: Assets/Scenes/wizard-1454385_640.png
  artifactKey: Guid(755b59d1354178641a8d9e899d091033) Importer(815301076,1909f56bfc062723c751e8b465ee728b)
Start importing Assets/Scenes/wizard-1454385_640.png using Guid(755b59d1354178641a8d9e899d091033) Importer(815301076,1909f56bfc062723c751e8b465ee728b)  -> (artifact id: '7bdf7529e215cac2ed24550f5f08504d') in 0.060902 seconds 
  Import took 0.071348 seconds .

========================================================================
Received Import Request.
  Time since last request: 0.037903 seconds.
  path: Assets/Scenes/wizard-1454385_640.png
  artifactKey: Guid(755b59d1354178641a8d9e899d091033) Importer(815301076,1909f56bfc062723c751e8b465ee728b)
Start importing Assets/Scenes/wizard-1454385_640.png using Guid(755b59d1354178641a8d9e899d091033) Importer(815301076,1909f56bfc062723c751e8b465ee728b)  -> (artifact id: '7bdf7529e215cac2ed24550f5f08504d') in 0.056763 seconds 
  Import took 0.066138 seconds .

========================================================================
Received Import Request.
  Time since last request: 0.037319 seconds.
  path: Assets/Scenes/wizard-1454385_640.png
  artifactKey: Guid(755b59d1354178641a8d9e899d091033) Importer(815301076,1909f56bfc062723c751e8b465ee728b)
Start importing Assets/Scenes/wizard-1454385_640.png using Guid(755b59d1354178641a8d9e899d091033) Importer(815301076,1909f56bfc062723c751e8b465ee728b)  -> (artifact id: '7bdf7529e215cac2ed24550f5f08504d') in 0.057710 seconds 
  Import took 0.065726 seconds .

========================================================================
Received Import Request.
  Time since last request: 0.033174 seconds.
  path: Assets/Scenes/wizard-1454385_640.png
  artifactKey: Guid(755b59d1354178641a8d9e899d091033) Importer(815301076,1909f56bfc062723c751e8b465ee728b)
Start importing Assets/Scenes/wizard-1454385_640.png using Guid(755b59d1354178641a8d9e899d091033) Importer(815301076,1909f56bfc062723c751e8b465ee728b)  -> (artifact id: '7bdf7529e215cac2ed24550f5f08504d') in 0.051591 seconds 
  Import took 0.058671 seconds .

========================================================================
Received Import Request.
  Time since last request: 0.035292 seconds.
  path: Assets/Scenes/wizard-1454385_640.png
  artifactKey: Guid(755b59d1354178641a8d9e899d091033) Importer(815301076,1909f56bfc062723c751e8b465ee728b)
Start importing Assets/Scenes/wizard-1454385_640.png using Guid(755b59d1354178641a8d9e899d091033) Importer(815301076,1909f56bfc062723c751e8b465ee728b)  -> (artifact id: '7bdf7529e215cac2ed24550f5f08504d') in 0.062203 seconds 
  Import took 0.070530 seconds .

========================================================================
Received Import Request.
  Time since last request: 0.019570 seconds.
  path: Assets/Scenes/wizard-1454385_640.png
  artifactKey: Guid(755b59d1354178641a8d9e899d091033) Importer(815301076,1909f56bfc062723c751e8b465ee728b)
Start importing Assets/Scenes/wizard-1454385_640.png using Guid(755b59d1354178641a8d9e899d091033) Importer(815301076,1909f56bfc062723c751e8b465ee728b)  -> (artifact id: '7bdf7529e215cac2ed24550f5f08504d') in 0.074859 seconds 
  Import took 0.083296 seconds .

========================================================================
Received Import Request.
  Time since last request: 0.084368 seconds.
  path: Assets/Scenes/wizard-1454385_640.png
  artifactKey: Guid(755b59d1354178641a8d9e899d091033) Importer(815301076,1909f56bfc062723c751e8b465ee728b)
Start importing Assets/Scenes/wizard-1454385_640.png using Guid(755b59d1354178641a8d9e899d091033) Importer(815301076,1909f56bfc062723c751e8b465ee728b)  -> (artifact id: '7bdf7529e215cac2ed24550f5f08504d') in 0.060883 seconds 
  Import took 0.072434 seconds .

========================================================================
Received Import Request.
  Time since last request: 0.031349 seconds.
  path: Assets/Scenes/wizard-1454385_640.png
  artifactKey: Guid(755b59d1354178641a8d9e899d091033) Importer(815301076,1909f56bfc062723c751e8b465ee728b)
Start importing Assets/Scenes/wizard-1454385_640.png using Guid(755b59d1354178641a8d9e899d091033) Importer(815301076,1909f56bfc062723c751e8b465ee728b)  -> (artifact id: '7bdf7529e215cac2ed24550f5f08504d') in 0.054697 seconds 
  Import took 0.062406 seconds .

========================================================================
Received Import Request.
  Time since last request: 0.025032 seconds.
  path: Assets/Scenes/wizard-1454385_640.png
  artifactKey: Guid(755b59d1354178641a8d9e899d091033) Importer(815301076,1909f56bfc062723c751e8b465ee728b)
Start importing Assets/Scenes/wizard-1454385_640.png using Guid(755b59d1354178641a8d9e899d091033) Importer(815301076,1909f56bfc062723c751e8b465ee728b)  -> (artifact id: '7bdf7529e215cac2ed24550f5f08504d') in 0.047139 seconds 
  Import took 0.054779 seconds .

========================================================================
Received Import Request.
  Time since last request: 0.036467 seconds.
  path: Assets/Scenes/wizard-1454385_640.png
  artifactKey: Guid(755b59d1354178641a8d9e899d091033) Importer(815301076,1909f56bfc062723c751e8b465ee728b)
Start importing Assets/Scenes/wizard-1454385_640.png using Guid(755b59d1354178641a8d9e899d091033) Importer(815301076,1909f56bfc062723c751e8b465ee728b)  -> (artifact id: '7bdf7529e215cac2ed24550f5f08504d') in 0.055750 seconds 
  Import took 0.065695 seconds .

========================================================================
Received Import Request.
  Time since last request: 0.037215 seconds.
  path: Assets/Scenes/wizard-1454385_640.png
  artifactKey: Guid(755b59d1354178641a8d9e899d091033) Importer(815301076,1909f56bfc062723c751e8b465ee728b)
Start importing Assets/Scenes/wizard-1454385_640.png using Guid(755b59d1354178641a8d9e899d091033) Importer(815301076,1909f56bfc062723c751e8b465ee728b)  -> (artifact id: '7bdf7529e215cac2ed24550f5f08504d') in 0.062352 seconds 
  Import took 0.072448 seconds .

========================================================================
Received Import Request.
  Time since last request: 0.039905 seconds.
  path: Assets/Scenes/wizard-1454385_640.png
  artifactKey: Guid(755b59d1354178641a8d9e899d091033) Importer(815301076,1909f56bfc062723c751e8b465ee728b)
Start importing Assets/Scenes/wizard-1454385_640.png using Guid(755b59d1354178641a8d9e899d091033) Importer(815301076,1909f56bfc062723c751e8b465ee728b)  -> (artifact id: '7bdf7529e215cac2ed24550f5f08504d') in 0.059331 seconds 
  Import took 0.070936 seconds .

========================================================================
Received Import Request.
  Time since last request: 0.034088 seconds.
  path: Assets/Scenes/wizard-1454385_640.png
  artifactKey: Guid(755b59d1354178641a8d9e899d091033) Importer(815301076,1909f56bfc062723c751e8b465ee728b)
Start importing Assets/Scenes/wizard-1454385_640.png using Guid(755b59d1354178641a8d9e899d091033) Importer(815301076,1909f56bfc062723c751e8b465ee728b)  -> (artifact id: '7bdf7529e215cac2ed24550f5f08504d') in 0.058212 seconds 
  Import took 0.067310 seconds .

========================================================================
Received Import Request.
  Time since last request: 0.034398 seconds.
  path: Assets/Scenes/wizard-1454385_640.png
  artifactKey: Guid(755b59d1354178641a8d9e899d091033) Importer(815301076,1909f56bfc062723c751e8b465ee728b)
Start importing Assets/Scenes/wizard-1454385_640.png using Guid(755b59d1354178641a8d9e899d091033) Importer(815301076,1909f56bfc062723c751e8b465ee728b)  -> (artifact id: '7bdf7529e215cac2ed24550f5f08504d') in 0.065814 seconds 
  Import took 0.076026 seconds .

========================================================================
Received Import Request.
  Time since last request: 0.036134 seconds.
  path: Assets/Scenes/wizard-1454385_640.png
  artifactKey: Guid(755b59d1354178641a8d9e899d091033) Importer(815301076,1909f56bfc062723c751e8b465ee728b)
Start importing Assets/Scenes/wizard-1454385_640.png using Guid(755b59d1354178641a8d9e899d091033) Importer(815301076,1909f56bfc062723c751e8b465ee728b)  -> (artifact id: '7bdf7529e215cac2ed24550f5f08504d') in 0.064494 seconds 
  Import took 0.075390 seconds .

========================================================================
Received Import Request.
  Time since last request: 0.033025 seconds.
  path: Assets/Scenes/wizard-1454385_640.png
  artifactKey: Guid(755b59d1354178641a8d9e899d091033) Importer(815301076,1909f56bfc062723c751e8b465ee728b)
Start importing Assets/Scenes/wizard-1454385_640.png using Guid(755b59d1354178641a8d9e899d091033) Importer(815301076,1909f56bfc062723c751e8b465ee728b)  -> (artifact id: '7bdf7529e215cac2ed24550f5f08504d') in 0.074702 seconds 
  Import took 0.085981 seconds .

========================================================================
Received Import Request.
  Time since last request: 0.033757 seconds.
  path: Assets/Scenes/wizard-1454385_640.png
  artifactKey: Guid(755b59d1354178641a8d9e899d091033) Importer(815301076,1909f56bfc062723c751e8b465ee728b)
Start importing Assets/Scenes/wizard-1454385_640.png using Guid(755b59d1354178641a8d9e899d091033) Importer(815301076,1909f56bfc062723c751e8b465ee728b)  -> (artifact id: '7bdf7529e215cac2ed24550f5f08504d') in 0.060255 seconds 
  Import took 0.068241 seconds .

========================================================================
Received Import Request.
  Time since last request: 0.060567 seconds.
  path: Assets/Scenes/wizard-1454385_640.png
  artifactKey: Guid(755b59d1354178641a8d9e899d091033) Importer(815301076,1909f56bfc062723c751e8b465ee728b)
Start importing Assets/Scenes/wizard-1454385_640.png using Guid(755b59d1354178641a8d9e899d091033) Importer(815301076,1909f56bfc062723c751e8b465ee728b)  -> (artifact id: '7bdf7529e215cac2ed24550f5f08504d') in 0.067337 seconds 
  Import took 0.075145 seconds .

========================================================================
Received Import Request.
  Time since last request: 0.031257 seconds.
  path: Assets/Scenes/wizard-1454385_640.png
  artifactKey: Guid(755b59d1354178641a8d9e899d091033) Importer(815301076,1909f56bfc062723c751e8b465ee728b)
Start importing Assets/Scenes/wizard-1454385_640.png using Guid(755b59d1354178641a8d9e899d091033) Importer(815301076,1909f56bfc062723c751e8b465ee728b)  -> (artifact id: '7bdf7529e215cac2ed24550f5f08504d') in 0.072633 seconds 
  Import took 0.081905 seconds .

========================================================================
Received Import Request.
  Time since last request: 0.033018 seconds.
  path: Assets/Scenes/wizard-1454385_640.png
  artifactKey: Guid(755b59d1354178641a8d9e899d091033) Importer(815301076,1909f56bfc062723c751e8b465ee728b)
Start importing Assets/Scenes/wizard-1454385_640.png using Guid(755b59d1354178641a8d9e899d091033) Importer(815301076,1909f56bfc062723c751e8b465ee728b)  -> (artifact id: '7bdf7529e215cac2ed24550f5f08504d') in 0.059528 seconds 
  Import took 0.066900 seconds .

========================================================================
Received Import Request.
  Time since last request: 0.031027 seconds.
  path: Assets/Scenes/wizard-1454385_640.png
  artifactKey: Guid(755b59d1354178641a8d9e899d091033) Importer(815301076,1909f56bfc062723c751e8b465ee728b)
Start importing Assets/Scenes/wizard-1454385_640.png using Guid(755b59d1354178641a8d9e899d091033) Importer(815301076,1909f56bfc062723c751e8b465ee728b)  -> (artifact id: '7bdf7529e215cac2ed24550f5f08504d') in 0.060568 seconds 
  Import took 0.069951 seconds .

========================================================================
Received Import Request.
  Time since last request: 0.027527 seconds.
  path: Assets/Scenes/wizard-1454385_640.png
  artifactKey: Guid(755b59d1354178641a8d9e899d091033) Importer(815301076,1909f56bfc062723c751e8b465ee728b)
Start importing Assets/Scenes/wizard-1454385_640.png using Guid(755b59d1354178641a8d9e899d091033) Importer(815301076,1909f56bfc062723c751e8b465ee728b)  -> (artifact id: '7bdf7529e215cac2ed24550f5f08504d') in 0.060007 seconds 
  Import took 0.069420 seconds .

========================================================================
Received Import Request.
  Time since last request: 0.084973 seconds.
  path: Assets/Scenes/wizard-1454385_640.png
  artifactKey: Guid(755b59d1354178641a8d9e899d091033) Importer(815301076,1909f56bfc062723c751e8b465ee728b)
Start importing Assets/Scenes/wizard-1454385_640.png using Guid(755b59d1354178641a8d9e899d091033) Importer(815301076,1909f56bfc062723c751e8b465ee728b)  -> (artifact id: '7bdf7529e215cac2ed24550f5f08504d') in 0.054865 seconds 
  Import took 0.062272 seconds .

========================================================================
Received Import Request.
  Time since last request: 0.035911 seconds.
  path: Assets/Scenes/wizard-1454385_640.png
  artifactKey: Guid(755b59d1354178641a8d9e899d091033) Importer(815301076,1909f56bfc062723c751e8b465ee728b)
Start importing Assets/Scenes/wizard-1454385_640.png using Guid(755b59d1354178641a8d9e899d091033) Importer(815301076,1909f56bfc062723c751e8b465ee728b)  -> (artifact id: '7bdf7529e215cac2ed24550f5f08504d') in 0.068990 seconds 
  Import took 0.078332 seconds .

========================================================================
Received Import Request.
  Time since last request: 0.042254 seconds.
  path: Assets/Scenes/wizard-1454385_640.png
  artifactKey: Guid(755b59d1354178641a8d9e899d091033) Importer(815301076,1909f56bfc062723c751e8b465ee728b)
Start importing Assets/Scenes/wizard-1454385_640.png using Guid(755b59d1354178641a8d9e899d091033) Importer(815301076,1909f56bfc062723c751e8b465ee728b)  -> (artifact id: '7bdf7529e215cac2ed24550f5f08504d') in 0.055144 seconds 
  Import took 0.065951 seconds .

========================================================================
Received Import Request.
  Time since last request: 0.036491 seconds.
  path: Assets/Scenes/wizard-1454385_640.png
  artifactKey: Guid(755b59d1354178641a8d9e899d091033) Importer(815301076,1909f56bfc062723c751e8b465ee728b)
Start importing Assets/Scenes/wizard-1454385_640.png using Guid(755b59d1354178641a8d9e899d091033) Importer(815301076,1909f56bfc062723c751e8b465ee728b)  -> (artifact id: '7bdf7529e215cac2ed24550f5f08504d') in 0.056896 seconds 
  Import took 0.066816 seconds .

========================================================================
Received Import Request.
  Time since last request: 0.034966 seconds.
  path: Assets/Scenes/wizard-1454385_640.png
  artifactKey: Guid(755b59d1354178641a8d9e899d091033) Importer(815301076,1909f56bfc062723c751e8b465ee728b)
Start importing Assets/Scenes/wizard-1454385_640.png using Guid(755b59d1354178641a8d9e899d091033) Importer(815301076,1909f56bfc062723c751e8b465ee728b)  -> (artifact id: '7bdf7529e215cac2ed24550f5f08504d') in 0.047134 seconds 
  Import took 0.055241 seconds .

========================================================================
Received Import Request.
  Time since last request: 0.030627 seconds.
  path: Assets/Scenes/wizard-1454385_640.png
  artifactKey: Guid(755b59d1354178641a8d9e899d091033) Importer(815301076,1909f56bfc062723c751e8b465ee728b)
Start importing Assets/Scenes/wizard-1454385_640.png using Guid(755b59d1354178641a8d9e899d091033) Importer(815301076,1909f56bfc062723c751e8b465ee728b)  -> (artifact id: '7bdf7529e215cac2ed24550f5f08504d') in 0.052508 seconds 
  Import took 0.059760 seconds .

========================================================================
Received Import Request.
  Time since last request: 0.047134 seconds.
  path: Assets/Scenes/wizard-1454385_640.png
  artifactKey: Guid(755b59d1354178641a8d9e899d091033) Importer(815301076,1909f56bfc062723c751e8b465ee728b)
Start importing Assets/Scenes/wizard-1454385_640.png using Guid(755b59d1354178641a8d9e899d091033) Importer(815301076,1909f56bfc062723c751e8b465ee728b)  -> (artifact id: '7bdf7529e215cac2ed24550f5f08504d') in 0.064454 seconds 
  Import took 0.074777 seconds .

========================================================================
Received Import Request.
  Time since last request: 0.113279 seconds.
  path: Assets/Scenes/wizard-1454385_640.png
  artifactKey: Guid(755b59d1354178641a8d9e899d091033) Importer(815301076,1909f56bfc062723c751e8b465ee728b)
Start importing Assets/Scenes/wizard-1454385_640.png using Guid(755b59d1354178641a8d9e899d091033) Importer(815301076,1909f56bfc062723c751e8b465ee728b)  -> (artifact id: '7bdf7529e215cac2ed24550f5f08504d') in 0.059943 seconds 
  Import took 0.069547 seconds .

========================================================================
Received Import Request.
  Time since last request: 0.040076 seconds.
  path: Assets/Scenes/wizard-1454385_640.png
  artifactKey: Guid(755b59d1354178641a8d9e899d091033) Importer(815301076,1909f56bfc062723c751e8b465ee728b)
Start importing Assets/Scenes/wizard-1454385_640.png using Guid(755b59d1354178641a8d9e899d091033) Importer(815301076,1909f56bfc062723c751e8b465ee728b)  -> (artifact id: '7bdf7529e215cac2ed24550f5f08504d') in 0.054380 seconds 
  Import took 0.062929 seconds .

========================================================================
Received Import Request.
  Time since last request: 0.030317 seconds.
  path: Assets/Scenes/wizard-1454385_640.png
  artifactKey: Guid(755b59d1354178641a8d9e899d091033) Importer(815301076,1909f56bfc062723c751e8b465ee728b)
Start importing Assets/Scenes/wizard-1454385_640.png using Guid(755b59d1354178641a8d9e899d091033) Importer(815301076,1909f56bfc062723c751e8b465ee728b)  -> (artifact id: '7bdf7529e215cac2ed24550f5f08504d') in 0.046767 seconds 
  Import took 0.054138 seconds .

========================================================================
Received Import Request.
  Time since last request: 0.039041 seconds.
  path: Assets/Scenes/wizard-1454385_640.png
  artifactKey: Guid(755b59d1354178641a8d9e899d091033) Importer(815301076,1909f56bfc062723c751e8b465ee728b)
Start importing Assets/Scenes/wizard-1454385_640.png using Guid(755b59d1354178641a8d9e899d091033) Importer(815301076,1909f56bfc062723c751e8b465ee728b)  -> (artifact id: '7bdf7529e215cac2ed24550f5f08504d') in 0.055444 seconds 
  Import took 0.065037 seconds .

========================================================================
Received Import Request.
  Time since last request: 0.031694 seconds.
  path: Assets/Scenes/wizard-1454385_640.png
  artifactKey: Guid(755b59d1354178641a8d9e899d091033) Importer(815301076,1909f56bfc062723c751e8b465ee728b)
Start importing Assets/Scenes/wizard-1454385_640.png using Guid(755b59d1354178641a8d9e899d091033) Importer(815301076,1909f56bfc062723c751e8b465ee728b)  -> (artifact id: '7bdf7529e215cac2ed24550f5f08504d') in 0.054002 seconds 
  Import took 0.062111 seconds .

========================================================================
Received Import Request.
  Time since last request: 0.045380 seconds.
  path: Assets/Scenes/wizard-1454385_640.png
  artifactKey: Guid(755b59d1354178641a8d9e899d091033) Importer(815301076,1909f56bfc062723c751e8b465ee728b)
Start importing Assets/Scenes/wizard-1454385_640.png using Guid(755b59d1354178641a8d9e899d091033) Importer(815301076,1909f56bfc062723c751e8b465ee728b)  -> (artifact id: '7bdf7529e215cac2ed24550f5f08504d') in 0.061416 seconds 
  Import took 0.074681 seconds .

========================================================================
Received Import Request.
  Time since last request: 0.043089 seconds.
  path: Assets/Scenes/wizard-1454385_640.png
  artifactKey: Guid(755b59d1354178641a8d9e899d091033) Importer(815301076,1909f56bfc062723c751e8b465ee728b)
Start importing Assets/Scenes/wizard-1454385_640.png using Guid(755b59d1354178641a8d9e899d091033) Importer(815301076,1909f56bfc062723c751e8b465ee728b)  -> (artifact id: '7bdf7529e215cac2ed24550f5f08504d') in 0.054391 seconds 
  Import took 0.065791 seconds .

========================================================================
Received Import Request.
  Time since last request: 0.037126 seconds.
  path: Assets/Scenes/wizard-1454385_640.png
  artifactKey: Guid(755b59d1354178641a8d9e899d091033) Importer(815301076,1909f56bfc062723c751e8b465ee728b)
Start importing Assets/Scenes/wizard-1454385_640.png using Guid(755b59d1354178641a8d9e899d091033) Importer(815301076,1909f56bfc062723c751e8b465ee728b)  -> (artifact id: '7bdf7529e215cac2ed24550f5f08504d') in 0.056502 seconds 
  Import took 0.065437 seconds .

========================================================================
Received Import Request.
  Time since last request: 0.047735 seconds.
  path: Assets/Scenes/wizard-1454385_640.png
  artifactKey: Guid(755b59d1354178641a8d9e899d091033) Importer(815301076,1909f56bfc062723c751e8b465ee728b)
Start importing Assets/Scenes/wizard-1454385_640.png using Guid(755b59d1354178641a8d9e899d091033) Importer(815301076,1909f56bfc062723c751e8b465ee728b)  -> (artifact id: '7bdf7529e215cac2ed24550f5f08504d') in 0.061845 seconds 
  Import took 0.071601 seconds .

========================================================================
Received Import Request.
  Time since last request: 0.038558 seconds.
  path: Assets/Scenes/wizard-1454385_640.png
  artifactKey: Guid(755b59d1354178641a8d9e899d091033) Importer(815301076,1909f56bfc062723c751e8b465ee728b)
Start importing Assets/Scenes/wizard-1454385_640.png using Guid(755b59d1354178641a8d9e899d091033) Importer(815301076,1909f56bfc062723c751e8b465ee728b)  -> (artifact id: '7bdf7529e215cac2ed24550f5f08504d') in 0.066941 seconds 
  Import took 0.079191 seconds .

========================================================================
Received Import Request.
  Time since last request: 0.037667 seconds.
  path: Assets/Scenes/wizard-1454385_640.png
  artifactKey: Guid(755b59d1354178641a8d9e899d091033) Importer(815301076,1909f56bfc062723c751e8b465ee728b)
Start importing Assets/Scenes/wizard-1454385_640.png using Guid(755b59d1354178641a8d9e899d091033) Importer(815301076,1909f56bfc062723c751e8b465ee728b)  -> (artifact id: '7bdf7529e215cac2ed24550f5f08504d') in 0.050944 seconds 
  Import took 0.061785 seconds .

========================================================================
Received Import Request.
  Time since last request: 0.041394 seconds.
  path: Assets/Scenes/wizard-1454385_640.png
  artifactKey: Guid(755b59d1354178641a8d9e899d091033) Importer(815301076,1909f56bfc062723c751e8b465ee728b)
Start importing Assets/Scenes/wizard-1454385_640.png using Guid(755b59d1354178641a8d9e899d091033) Importer(815301076,1909f56bfc062723c751e8b465ee728b)  -> (artifact id: '7bdf7529e215cac2ed24550f5f08504d') in 0.056113 seconds 
  Import took 0.066915 seconds .

========================================================================
Received Import Request.
  Time since last request: 0.040384 seconds.
  path: Assets/Scenes/wizard-1454385_640.png
  artifactKey: Guid(755b59d1354178641a8d9e899d091033) Importer(815301076,1909f56bfc062723c751e8b465ee728b)
Start importing Assets/Scenes/wizard-1454385_640.png using Guid(755b59d1354178641a8d9e899d091033) Importer(815301076,1909f56bfc062723c751e8b465ee728b)  -> (artifact id: '7bdf7529e215cac2ed24550f5f08504d') in 0.054812 seconds 
  Import took 0.062551 seconds .

========================================================================
Received Import Request.
  Time since last request: 0.045833 seconds.
  path: Assets/Scenes/wizard-1454385_640.png
  artifactKey: Guid(755b59d1354178641a8d9e899d091033) Importer(815301076,1909f56bfc062723c751e8b465ee728b)
Start importing Assets/Scenes/wizard-1454385_640.png using Guid(755b59d1354178641a8d9e899d091033) Importer(815301076,1909f56bfc062723c751e8b465ee728b)  -> (artifact id: '7bdf7529e215cac2ed24550f5f08504d') in 0.065455 seconds 
  Import took 0.078374 seconds .

========================================================================
Received Import Request.
  Time since last request: 0.037965 seconds.
  path: Assets/Scenes/wizard-1454385_640.png
  artifactKey: Guid(755b59d1354178641a8d9e899d091033) Importer(815301076,1909f56bfc062723c751e8b465ee728b)
Start importing Assets/Scenes/wizard-1454385_640.png using Guid(755b59d1354178641a8d9e899d091033) Importer(815301076,1909f56bfc062723c751e8b465ee728b)  -> (artifact id: '7bdf7529e215cac2ed24550f5f08504d') in 0.059972 seconds 
  Import took 0.072762 seconds .

========================================================================
Received Import Request.
  Time since last request: 0.040260 seconds.
  path: Assets/Scenes/wizard-1454385_640.png
  artifactKey: Guid(755b59d1354178641a8d9e899d091033) Importer(815301076,1909f56bfc062723c751e8b465ee728b)
Start importing Assets/Scenes/wizard-1454385_640.png using Guid(755b59d1354178641a8d9e899d091033) Importer(815301076,1909f56bfc062723c751e8b465ee728b)  -> (artifact id: '7bdf7529e215cac2ed24550f5f08504d') in 0.065882 seconds 
  Import took 0.078733 seconds .

========================================================================
Received Import Request.
  Time since last request: 0.039084 seconds.
  path: Assets/Scenes/wizard-1454385_640.png
  artifactKey: Guid(755b59d1354178641a8d9e899d091033) Importer(815301076,1909f56bfc062723c751e8b465ee728b)
Start importing Assets/Scenes/wizard-1454385_640.png using Guid(755b59d1354178641a8d9e899d091033) Importer(815301076,1909f56bfc062723c751e8b465ee728b)  -> (artifact id: '7bdf7529e215cac2ed24550f5f08504d') in 0.056266 seconds 
  Import took 0.066856 seconds .

========================================================================
Received Import Request.
  Time since last request: 0.043320 seconds.
  path: Assets/Scenes/wizard-1454385_640.png
  artifactKey: Guid(755b59d1354178641a8d9e899d091033) Importer(815301076,1909f56bfc062723c751e8b465ee728b)
Start importing Assets/Scenes/wizard-1454385_640.png using Guid(755b59d1354178641a8d9e899d091033) Importer(815301076,1909f56bfc062723c751e8b465ee728b)  -> (artifact id: '7bdf7529e215cac2ed24550f5f08504d') in 0.067694 seconds 
  Import took 0.078109 seconds .

========================================================================
Received Import Request.
  Time since last request: 1.508706 seconds.
  path: Assets/Scripts/NumberWizard.cs
  artifactKey: Guid(8d6dee18bd1e733439613d932a978323) Importer(815301076,1909f56bfc062723c751e8b465ee728b)
Start importing Assets/Scripts/NumberWizard.cs using Guid(8d6dee18bd1e733439613d932a978323) Importer(815301076,1909f56bfc062723c751e8b465ee728b)  -> (artifact id: '26923f1f761fa5f9873e33e52b926b94') in 0.058101 seconds 
  Import took 0.065946 seconds .

========================================================================
Received Import Request.
  Time since last request: 0.060076 seconds.
  path: Assets/Scripts/NumberWizard.cs
  artifactKey: Guid(8d6dee18bd1e733439613d932a978323) Importer(815301076,1909f56bfc062723c751e8b465ee728b)
Start importing Assets/Scripts/NumberWizard.cs using Guid(8d6dee18bd1e733439613d932a978323) Importer(815301076,1909f56bfc062723c751e8b465ee728b)  -> (artifact id: '26923f1f761fa5f9873e33e52b926b94') in 0.049686 seconds 
  Import took 0.057668 seconds .

AssetImportWorkerClient::OnTransportError - code=2 error=End of file
