Using pre-set license
Built from '2020.3/staging' branch; Version is '2020.3.17f1 (a4537701e4ab) revision 10769271'; Using compiler version '192528614'; Build Type 'Release'
OS: 'Windows 10 Pro; OS build 19043.1237; Version 2009; 64bit' Language: 'en' Physical Memory: 16301 MB
BatchMode: 1, IsHumanControllingUs: 0, StartBugReporterOnCrash: 0, Is64bit: 1, IsPro: 0

COMMAND LINE ARGUMENTS:
C:\Program Files\Unity\Hub\Editor\2020.3.17f1\Editor\Unity.exe
-adb2
-batchMode
-noUpm
-name
AssetImportWorker0
-projectPath
C:/Users/owner/NumberWizard.B3
-logFile
Logs/AssetImportWorker0.log
-srvPort
51079
Successfully changed project path to: C:/Users/owner/NumberWizard.B3
C:/Users/owner/NumberWizard.B3
Using Asset Import Pipeline V2.
Refreshing native plugins compatible for Editor in 80.03 ms, found 3 plugins.
Preloading 0 native plugins for Editor in 0.00 ms.
Initialize engine version: 2020.3.17f1 (a4537701e4ab)
[Subsystems] Discovering subsystems at path C:/Program Files/Unity/Hub/Editor/2020.3.17f1/Editor/Data/Resources/UnitySubsystems
[Subsystems] Discovering subsystems at path C:/Users/owner/NumberWizard.B3/Assets
GfxDevice: creating device client; threaded=0
Direct3D:
    Version:  Direct3D 11.0 [level 11.1]
    Renderer: Intel(R) HD Graphics 520 (ID=0x1916)
    Vendor:   
    VRAM:     8150 MB
    Driver:   27.20.100.8681
Initialize mono
Mono path[0] = 'C:/Program Files/Unity/Hub/Editor/2020.3.17f1/Editor/Data/Managed'
Mono path[1] = 'C:/Program Files/Unity/Hub/Editor/2020.3.17f1/Editor/Data/MonoBleedingEdge/lib/mono/unityjit'
Mono config path = 'C:/Program Files/Unity/Hub/Editor/2020.3.17f1/Editor/Data/MonoBleedingEdge/etc'
Using monoOptions --debugger-agent=transport=dt_socket,embedding=1,server=y,suspend=n,address=127.0.0.1:56860
Begin MonoManager ReloadAssembly
Registering precompiled unity dll's ...
Register platform support module: C:/Program Files/Unity/Hub/Editor/2020.3.17f1/Editor/Data/PlaybackEngines/WebGLSupport/UnityEditor.WebGL.Extensions.dll
Register platform support module: C:/Program Files/Unity/Hub/Editor/2020.3.17f1/Editor/Data/PlaybackEngines/MacStandaloneSupport/UnityEditor.OSXStandalone.Extensions.dll
Register platform support module: C:/Program Files/Unity/Hub/Editor/2020.3.17f1/Editor/Data/PlaybackEngines/WindowsStandaloneSupport/UnityEditor.WindowsStandalone.Extensions.dll
Registered in 0.003090 seconds.
Native extension for WindowsStandalone target not found
Native extension for OSXStandalone target not found
Native extension for WebGL target not found
Refreshing native plugins compatible for Editor in 76.78 ms, found 3 plugins.
Preloading 0 native plugins for Editor in 0.00 ms.
Mono: successfully reloaded assembly
- Completed reload, in  2.961 seconds
Domain Reload Profiling:
	ReloadAssembly (2963ms)
		BeginReloadAssembly (70ms)
			ExecutionOrderSort (0ms)
			DisableScriptedObjects (0ms)
			BackupInstance (0ms)
			ReleaseScriptingObjects (0ms)
			CreateAndSetChildDomain (1ms)
		EndReloadAssembly (593ms)
			LoadAssemblies (68ms)
			RebuildTransferFunctionScriptingTraits (0ms)
			SetupTypeCache (184ms)
			ReleaseScriptCaches (0ms)
			RebuildScriptCaches (45ms)
			SetupLoadedEditorAssemblies (270ms)
				LogAssemblyErrors (0ms)
				InitializePlatformSupportModulesInManaged (7ms)
				SetLoadedEditorAssemblies (0ms)
				RefreshPlugins (77ms)
				BeforeProcessingInitializeOnLoad (20ms)
				ProcessInitializeOnLoadAttributes (117ms)
				ProcessInitializeOnLoadMethodAttributes (48ms)
				AfterProcessingInitializeOnLoad (1ms)
				EditorAssembliesLoaded (1ms)
			ExecutionOrderSort2 (0ms)
			AwakeInstancesAfterBackupRestoration (0ms)
Platform modules already initialized, skipping
Registering precompiled user dll's ...
Registered in 0.007493 seconds.
Begin MonoManager ReloadAssembly
Symbol file LoadedFromMemory is not a mono symbol file
Error: Could not load signature of Unity.UI.Builder.BuilderTextShadow:.ctor due to: Could not resolve type with token 01000099 (from typeref, class/assembly UnityEngine.UIElements.StyleTextShadow, UnityEngine.UIElementsModule, Version=1.0.0.0, Culture=neutral, PublicKeyToken=null) assembly:UnityEngine.UIElementsModule, Version=1.0.0.0, Culture=neutral, PublicKeyToken=null type:UnityEngine.UIElements.StyleTextShadow member:(null) signature:<none>

The scripted importer 'UIElementsViewImporter' attempted to register file type '.uxml', which is handled by a native Unity importer. Registration rejected.
UnityEngine.StackTraceUtility:ExtractStackTrace ()
UnityEditor.AssetImporters.ScriptedImporter:RegisterScriptedImporters ()

[C:\buildslave\unity\build\Modules/AssetDatabase/Editor/Public/ImporterRegistry.cpp line 245]

The scripted importer 'StyleSheetImporter' attempted to register file type '.uss', which is handled by a native Unity importer. Registration rejected.
UnityEngine.StackTraceUtility:ExtractStackTrace ()
UnityEditor.AssetImporters.ScriptedImporter:RegisterScriptedImporters ()

[C:\buildslave\unity\build\Modules/AssetDatabase/Editor/Public/ImporterRegistry.cpp line 245]

The scripted importer 'ThemeStyleSheetImporter' attempted to register file type '.tss', which is handled by a native Unity importer. Registration rejected.
UnityEngine.StackTraceUtility:ExtractStackTrace ()
UnityEditor.AssetImporters.ScriptedImporter:RegisterScriptedImporters ()

[C:\buildslave\unity\build\Modules/AssetDatabase/Editor/Public/ImporterRegistry.cpp line 245]

ArgumentException: An item with the same key has already been added. Key: UnityEditor.UIElements.EditorAtlasMonitorInjector
Parameter name: key
  at System.Collections.Generic.SortedList`2[TKey,TValue].Add (TKey key, TValue value) [0x00041] in <0463b2ef957545c0a51b42f372cd4fbb>:0 
  at UnityEditor.AssetPostprocessingInternal.GetTextureProcessorsHashString () [0x000a2] in <d0e4b8c1204147f3935b6e9c8b8565ad>:0 
UnityEngine.DebugLogHandler:Internal_LogException(Exception, Object)
UnityEngine.DebugLogHandler:LogException(Exception, Object)
UnityEngine.Logger:LogException(Exception, Object)
UnityEngine.Debug:LogException(Exception)
UnityEditor.AssetPostprocessingInternal:GetTextureProcessorsHashString()

Unloading broken assembly Library/ScriptAssemblies/UnityEditor.UIBuilderModule.dll, this assembly can cause crashes in the runtime

Native extension for WindowsStandalone target not found
Native extension for OSXStandalone target not found
Native extension for WebGL target not found
Refreshing native plugins compatible for Editor in 79.95 ms, found 3 plugins.
Preloading 0 native plugins for Editor in 0.00 ms.
ASSEMBLY OVERRIDES: * override found for Unity assembly UnityEngine.UIElementsModule.dll (override path Library/ScriptAssemblies/UnityEngine.UIElementsModule.dll)
ASSEMBLY OVERRIDES: * override found for Unity assembly UnityEditor.UIElementsModule.dll (override path Library/ScriptAssemblies/UnityEditor.UIElementsModule.dll)
System.Reflection.TargetInvocationException: Exception has been thrown by the target of an invocation. ---> UnityEngine.UnityException: The MakeClientFunc has already been registered. Registration denied.
  at UnityEngine.UIElements.DragAndDropUtility.RegisterMakeClientFunc (System.Func`1[TResult] makeClient) [0x00017] in <f28f649cfb6a4dd5a118cb05800b248d>:0 
  at UnityEditor.UIElements.EditorDragAndDrop.RegisterEditorClient () [0x0000a] in <17cba49fae414354b79f447a7073fc5b>:0 
  at (wrapper managed-to-native) System.Reflection.MonoMethod.InternalInvoke(System.Reflection.MonoMethod,object,object[],System.Exception&)
  at System.Reflection.MonoMethod.Invoke (System.Object obj, System.Reflection.BindingFlags invokeAttr, System.Reflection.Binder binder, System.Object[] parameters, System.Globalization.CultureInfo culture) [0x00032] in <695d1cc93cca45069c528c15c9fdd749>:0 
   --- End of inner exception stack trace ---
  at System.Reflection.MonoMethod.Invoke (System.Object obj, System.Reflection.BindingFlags invokeAttr, System.Reflection.Binder binder, System.Object[] parameters, System.Globalization.CultureInfo culture) [0x00048] in <695d1cc93cca45069c528c15c9fdd749>:0 
  at System.Reflection.MethodBase.Invoke (System.Object obj, System.Object[] parameters) [0x00000] in <695d1cc93cca45069c528c15c9fdd749>:0 
  at UnityEditor.EditorAssemblies.ProcessInitializeOnLoadMethodAttributes () [0x00047] in <d0e4b8c1204147f3935b6e9c8b8565ad>:0 
UnityEngine.StackTraceUtility:ExtractStackTrace ()
UnityEngine.DebugLogHandler:LogFormat (UnityEngine.LogType,UnityEngine.Object,string,object[])
UnityEngine.Logger:Log (UnityEngine.LogType,object)
UnityEngine.Debug:LogError (object)
UnityEditor.EditorAssemblies:ProcessInitializeOnLoadMethodAttributes ()

ASSEMBLY OVERRIDES: * override found for Unity assembly UnityEngine.UIElementsModule.dll (override path Library/ScriptAssemblies/UnityEngine.UIElementsModule.dll)
ASSEMBLY OVERRIDES: * override found for Unity assembly UnityEditor.UIElementsModule.dll (override path Library/ScriptAssemblies/UnityEditor.UIElementsModule.dll)
Mono: successfully reloaded assembly
- Completed reload, in  1.694 seconds
Domain Reload Profiling:
	ReloadAssembly (1695ms)
		BeginReloadAssembly (177ms)
			ExecutionOrderSort (0ms)
			DisableScriptedObjects (7ms)
			BackupInstance (0ms)
			ReleaseScriptingObjects (0ms)
			CreateAndSetChildDomain (23ms)
		EndReloadAssembly (1438ms)
			LoadAssemblies (132ms)
			RebuildTransferFunctionScriptingTraits (0ms)
			SetupTypeCache (409ms)
			ReleaseScriptCaches (1ms)
			RebuildScriptCaches (83ms)
			SetupLoadedEditorAssemblies (618ms)
				LogAssemblyErrors (0ms)
				InitializePlatformSupportModulesInManaged (7ms)
				SetLoadedEditorAssemblies (0ms)
				RefreshPlugins (80ms)
				BeforeProcessingInitializeOnLoad (136ms)
				ProcessInitializeOnLoadAttributes (362ms)
				ProcessInitializeOnLoadMethodAttributes (24ms)
				AfterProcessingInitializeOnLoad (7ms)
				EditorAssembliesLoaded (1ms)
			ExecutionOrderSort2 (0ms)
			AwakeInstancesAfterBackupRestoration (8ms)
Platform modules already initialized, skipping
========================================================================
Worker process is ready to serve import requests
Launched and connected shader compiler UnityShaderCompiler.exe after 0.07 seconds
Refreshing native plugins compatible for Editor in 0.78 ms, found 3 plugins.
Preloading 0 native plugins for Editor in 0.00 ms.
Unloading 2804 Unused Serialized files (Serialized files now loaded: 0)
System memory in use before: 122.4 MB.
System memory in use after: 122.6 MB.

Unloading 30 unused Assets to reduce memory usage. Loaded Objects now: 3240.
Total: 5.847900 ms (FindLiveObjects: 0.351200 ms CreateObjectMapping: 0.186500 ms MarkObjects: 5.111900 ms  DeleteObjects: 0.179400 ms)

AssetImportParameters requested are different than current active one (requested -> active):
  custom:framework-win-MediaFoundation: 216162199b28c13a410421893ffa2e32 -> 
  custom:video-decoder-ogg-theora: a1e56fd34408186e4bbccfd4996cb3dc -> 
  custom:container-muxer-webm: aa71ff27fc2769a1b78a27578f13a17b -> 
  custom:container-demuxer-webm: 4f35f7cbe854078d1ac9338744f61a02 -> 
  custom:container-demuxer-ogg: 62fdf1f143b41e24485cea50d1cbac27 -> 
  custom:video-encoder-webm-vp8: eb34c28f22e8b96e1ab97ce403110664 -> 
  custom:video-decoder-webm-vp8: 9c59270c3fd7afecdb556c50c9e8de78 -> 
  custom:audio-decoder-ogg-vorbis: bf7c407c2cedff20999df2af8eb42d56 -> 
  custom:audio-encoder-webm-vorbis: bf7c407c2cedff20999df2af8eb42d56 -> 
========================================================================
Received Import Request.
  path: Assets/Scenes/wizard-1454385_640.png
  artifactKey: Guid(755b59d1354178641a8d9e899d091033) Importer(815301076,1909f56bfc062723c751e8b465ee728b)
Start importing Assets/Scenes/wizard-1454385_640.png using Guid(755b59d1354178641a8d9e899d091033) Importer(815301076,1909f56bfc062723c751e8b465ee728b)  -> (artifact id: '7bdf7529e215cac2ed24550f5f08504d') in 0.200776 seconds 
  Import took 0.207518 seconds .

========================================================================
Received Import Request.
  Time since last request: 2.421182 seconds.
  path: Assets/Scenes/wizard-1454385_640.png
  artifactKey: Guid(755b59d1354178641a8d9e899d091033) Importer(815301076,1909f56bfc062723c751e8b465ee728b)
Start importing Assets/Scenes/wizard-1454385_640.png using Guid(755b59d1354178641a8d9e899d091033) Importer(815301076,1909f56bfc062723c751e8b465ee728b)  -> (artifact id: '7bdf7529e215cac2ed24550f5f08504d') in 0.055876 seconds 
  Import took 0.063369 seconds .

========================================================================
Received Import Request.
  Time since last request: 0.035350 seconds.
  path: Assets/Scenes/wizard-1454385_640.png
  artifactKey: Guid(755b59d1354178641a8d9e899d091033) Importer(815301076,1909f56bfc062723c751e8b465ee728b)
Start importing Assets/Scenes/wizard-1454385_640.png using Guid(755b59d1354178641a8d9e899d091033) Importer(815301076,1909f56bfc062723c751e8b465ee728b)  -> (artifact id: '7bdf7529e215cac2ed24550f5f08504d') in 0.045069 seconds 
  Import took 0.054347 seconds .

========================================================================
Received Import Request.
  Time since last request: 0.039325 seconds.
  path: Assets/Scenes/wizard-1454385_640.png
  artifactKey: Guid(755b59d1354178641a8d9e899d091033) Importer(815301076,1909f56bfc062723c751e8b465ee728b)
Start importing Assets/Scenes/wizard-1454385_640.png using Guid(755b59d1354178641a8d9e899d091033) Importer(815301076,1909f56bfc062723c751e8b465ee728b)  -> (artifact id: '7bdf7529e215cac2ed24550f5f08504d') in 0.052859 seconds 
  Import took 0.060793 seconds .

========================================================================
Received Import Request.
  Time since last request: 0.039600 seconds.
  path: Assets/Scenes/wizard-1454385_640.png
  artifactKey: Guid(755b59d1354178641a8d9e899d091033) Importer(815301076,1909f56bfc062723c751e8b465ee728b)
Start importing Assets/Scenes/wizard-1454385_640.png using Guid(755b59d1354178641a8d9e899d091033) Importer(815301076,1909f56bfc062723c751e8b465ee728b)  -> (artifact id: '7bdf7529e215cac2ed24550f5f08504d') in 0.051666 seconds 
  Import took 0.059234 seconds .

========================================================================
Received Import Request.
  Time since last request: 0.031236 seconds.
  path: Assets/Scenes/wizard-1454385_640.png
  artifactKey: Guid(755b59d1354178641a8d9e899d091033) Importer(815301076,1909f56bfc062723c751e8b465ee728b)
Start importing Assets/Scenes/wizard-1454385_640.png using Guid(755b59d1354178641a8d9e899d091033) Importer(815301076,1909f56bfc062723c751e8b465ee728b)  -> (artifact id: '7bdf7529e215cac2ed24550f5f08504d') in 0.059151 seconds 
  Import took 0.068554 seconds .

========================================================================
Received Import Request.
  Time since last request: 0.036742 seconds.
  path: Assets/Scenes/wizard-1454385_640.png
  artifactKey: Guid(755b59d1354178641a8d9e899d091033) Importer(815301076,1909f56bfc062723c751e8b465ee728b)
Start importing Assets/Scenes/wizard-1454385_640.png using Guid(755b59d1354178641a8d9e899d091033) Importer(815301076,1909f56bfc062723c751e8b465ee728b)  -> (artifact id: '7bdf7529e215cac2ed24550f5f08504d') in 0.050316 seconds 
  Import took 0.057888 seconds .

========================================================================
Received Import Request.
  Time since last request: 0.035249 seconds.
  path: Assets/Scenes/wizard-1454385_640.png
  artifactKey: Guid(755b59d1354178641a8d9e899d091033) Importer(815301076,1909f56bfc062723c751e8b465ee728b)
Start importing Assets/Scenes/wizard-1454385_640.png using Guid(755b59d1354178641a8d9e899d091033) Importer(815301076,1909f56bfc062723c751e8b465ee728b)  -> (artifact id: '7bdf7529e215cac2ed24550f5f08504d') in 0.046117 seconds 
  Import took 0.054900 seconds .

========================================================================
Received Import Request.
  Time since last request: 0.036302 seconds.
  path: Assets/Scenes/wizard-1454385_640.png
  artifactKey: Guid(755b59d1354178641a8d9e899d091033) Importer(815301076,1909f56bfc062723c751e8b465ee728b)
Start importing Assets/Scenes/wizard-1454385_640.png using Guid(755b59d1354178641a8d9e899d091033) Importer(815301076,1909f56bfc062723c751e8b465ee728b)  -> (artifact id: '7bdf7529e215cac2ed24550f5f08504d') in 0.052905 seconds 
  Import took 0.059469 seconds .

========================================================================
Received Import Request.
  Time since last request: 0.034737 seconds.
  path: Assets/Scenes/wizard-1454385_640.png
  artifactKey: Guid(755b59d1354178641a8d9e899d091033) Importer(815301076,1909f56bfc062723c751e8b465ee728b)
Start importing Assets/Scenes/wizard-1454385_640.png using Guid(755b59d1354178641a8d9e899d091033) Importer(815301076,1909f56bfc062723c751e8b465ee728b)  -> (artifact id: '7bdf7529e215cac2ed24550f5f08504d') in 0.060646 seconds 
  Import took 0.072278 seconds .

========================================================================
Received Import Request.
  Time since last request: 0.037244 seconds.
  path: Assets/Scenes/wizard-1454385_640.png
  artifactKey: Guid(755b59d1354178641a8d9e899d091033) Importer(815301076,1909f56bfc062723c751e8b465ee728b)
Start importing Assets/Scenes/wizard-1454385_640.png using Guid(755b59d1354178641a8d9e899d091033) Importer(815301076,1909f56bfc062723c751e8b465ee728b)  -> (artifact id: '7bdf7529e215cac2ed24550f5f08504d') in 0.053820 seconds 
  Import took 0.062421 seconds .

========================================================================
Received Import Request.
  Time since last request: 11.493369 seconds.
  path: Assets/Scenes/wizard-1454385_640.png
  artifactKey: Guid(755b59d1354178641a8d9e899d091033) Importer(815301076,1909f56bfc062723c751e8b465ee728b)
Start importing Assets/Scenes/wizard-1454385_640.png using Guid(755b59d1354178641a8d9e899d091033) Importer(815301076,1909f56bfc062723c751e8b465ee728b)  -> (artifact id: '7bdf7529e215cac2ed24550f5f08504d') in 0.043774 seconds 
  Import took 0.050866 seconds .

========================================================================
Received Import Request.
  Time since last request: 0.031636 seconds.
  path: Assets/Scenes/wizard-1454385_640.png
  artifactKey: Guid(755b59d1354178641a8d9e899d091033) Importer(815301076,1909f56bfc062723c751e8b465ee728b)
Start importing Assets/Scenes/wizard-1454385_640.png using Guid(755b59d1354178641a8d9e899d091033) Importer(815301076,1909f56bfc062723c751e8b465ee728b)  -> (artifact id: '7bdf7529e215cac2ed24550f5f08504d') in 0.055793 seconds 
  Import took 0.064504 seconds .

========================================================================
Received Import Request.
  Time since last request: 0.031499 seconds.
  path: Assets/Scenes/wizard-1454385_640.png
  artifactKey: Guid(755b59d1354178641a8d9e899d091033) Importer(815301076,1909f56bfc062723c751e8b465ee728b)
Start importing Assets/Scenes/wizard-1454385_640.png using Guid(755b59d1354178641a8d9e899d091033) Importer(815301076,1909f56bfc062723c751e8b465ee728b)  -> (artifact id: '7bdf7529e215cac2ed24550f5f08504d') in 0.051207 seconds 
  Import took 0.059304 seconds .

========================================================================
Received Import Request.
  Time since last request: 0.033819 seconds.
  path: Assets/Scenes/wizard-1454385_640.png
  artifactKey: Guid(755b59d1354178641a8d9e899d091033) Importer(815301076,1909f56bfc062723c751e8b465ee728b)
Start importing Assets/Scenes/wizard-1454385_640.png using Guid(755b59d1354178641a8d9e899d091033) Importer(815301076,1909f56bfc062723c751e8b465ee728b)  -> (artifact id: '7bdf7529e215cac2ed24550f5f08504d') in 0.053126 seconds 
  Import took 0.061020 seconds .

========================================================================
Received Import Request.
  Time since last request: 0.030320 seconds.
  path: Assets/Scenes/wizard-1454385_640.png
  artifactKey: Guid(755b59d1354178641a8d9e899d091033) Importer(815301076,1909f56bfc062723c751e8b465ee728b)
Start importing Assets/Scenes/wizard-1454385_640.png using Guid(755b59d1354178641a8d9e899d091033) Importer(815301076,1909f56bfc062723c751e8b465ee728b)  -> (artifact id: '7bdf7529e215cac2ed24550f5f08504d') in 0.053814 seconds 
  Import took 0.061409 seconds .

========================================================================
Received Import Request.
  Time since last request: 0.030905 seconds.
  path: Assets/Scenes/wizard-1454385_640.png
  artifactKey: Guid(755b59d1354178641a8d9e899d091033) Importer(815301076,1909f56bfc062723c751e8b465ee728b)
Start importing Assets/Scenes/wizard-1454385_640.png using Guid(755b59d1354178641a8d9e899d091033) Importer(815301076,1909f56bfc062723c751e8b465ee728b)  -> (artifact id: '7bdf7529e215cac2ed24550f5f08504d') in 0.058782 seconds 
  Import took 0.066865 seconds .

========================================================================
Received Import Request.
  Time since last request: 0.038865 seconds.
  path: Assets/Scenes/wizard-1454385_640.png
  artifactKey: Guid(755b59d1354178641a8d9e899d091033) Importer(815301076,1909f56bfc062723c751e8b465ee728b)
Start importing Assets/Scenes/wizard-1454385_640.png using Guid(755b59d1354178641a8d9e899d091033) Importer(815301076,1909f56bfc062723c751e8b465ee728b)  -> (artifact id: '7bdf7529e215cac2ed24550f5f08504d') in 0.048252 seconds 
  Import took 0.055933 seconds .

========================================================================
Received Import Request.
  Time since last request: 0.028587 seconds.
  path: Assets/Scenes/wizard-1454385_640.png
  artifactKey: Guid(755b59d1354178641a8d9e899d091033) Importer(815301076,1909f56bfc062723c751e8b465ee728b)
Start importing Assets/Scenes/wizard-1454385_640.png using Guid(755b59d1354178641a8d9e899d091033) Importer(815301076,1909f56bfc062723c751e8b465ee728b)  -> (artifact id: '7bdf7529e215cac2ed24550f5f08504d') in 0.053923 seconds 
  Import took 0.061735 seconds .

========================================================================
Received Import Request.
  Time since last request: 0.033820 seconds.
  path: Assets/Scenes/wizard-1454385_640.png
  artifactKey: Guid(755b59d1354178641a8d9e899d091033) Importer(815301076,1909f56bfc062723c751e8b465ee728b)
Start importing Assets/Scenes/wizard-1454385_640.png using Guid(755b59d1354178641a8d9e899d091033) Importer(815301076,1909f56bfc062723c751e8b465ee728b)  -> (artifact id: '7bdf7529e215cac2ed24550f5f08504d') in 0.061854 seconds 
  Import took 0.069521 seconds .

========================================================================
Received Import Request.
  Time since last request: 0.035481 seconds.
  path: Assets/Scenes/wizard-1454385_640.png
  artifactKey: Guid(755b59d1354178641a8d9e899d091033) Importer(815301076,1909f56bfc062723c751e8b465ee728b)
Start importing Assets/Scenes/wizard-1454385_640.png using Guid(755b59d1354178641a8d9e899d091033) Importer(815301076,1909f56bfc062723c751e8b465ee728b)  -> (artifact id: '7bdf7529e215cac2ed24550f5f08504d') in 0.062772 seconds 
  Import took 0.069961 seconds .

========================================================================
Received Import Request.
  Time since last request: 0.033616 seconds.
  path: Assets/Scenes/wizard-1454385_640.png
  artifactKey: Guid(755b59d1354178641a8d9e899d091033) Importer(815301076,1909f56bfc062723c751e8b465ee728b)
Start importing Assets/Scenes/wizard-1454385_640.png using Guid(755b59d1354178641a8d9e899d091033) Importer(815301076,1909f56bfc062723c751e8b465ee728b)  -> (artifact id: '7bdf7529e215cac2ed24550f5f08504d') in 0.077570 seconds 
  Import took 0.101812 seconds .

========================================================================
Received Import Request.
  Time since last request: 0.043200 seconds.
  path: Assets/Scenes/wizard-1454385_640.png
  artifactKey: Guid(755b59d1354178641a8d9e899d091033) Importer(815301076,1909f56bfc062723c751e8b465ee728b)
Start importing Assets/Scenes/wizard-1454385_640.png using Guid(755b59d1354178641a8d9e899d091033) Importer(815301076,1909f56bfc062723c751e8b465ee728b)  -> (artifact id: '7bdf7529e215cac2ed24550f5f08504d') in 0.048840 seconds 
  Import took 0.057227 seconds .

========================================================================
Received Import Request.
  Time since last request: 0.032872 seconds.
  path: Assets/Scenes/wizard-1454385_640.png
  artifactKey: Guid(755b59d1354178641a8d9e899d091033) Importer(815301076,1909f56bfc062723c751e8b465ee728b)
Start importing Assets/Scenes/wizard-1454385_640.png using Guid(755b59d1354178641a8d9e899d091033) Importer(815301076,1909f56bfc062723c751e8b465ee728b)  -> (artifact id: '7bdf7529e215cac2ed24550f5f08504d') in 0.054195 seconds 
  Import took 0.062014 seconds .

========================================================================
Received Import Request.
  Time since last request: 0.027801 seconds.
  path: Assets/Scenes/wizard-1454385_640.png
  artifactKey: Guid(755b59d1354178641a8d9e899d091033) Importer(815301076,1909f56bfc062723c751e8b465ee728b)
Start importing Assets/Scenes/wizard-1454385_640.png using Guid(755b59d1354178641a8d9e899d091033) Importer(815301076,1909f56bfc062723c751e8b465ee728b)  -> (artifact id: '7bdf7529e215cac2ed24550f5f08504d') in 0.046628 seconds 
  Import took 0.054347 seconds .

========================================================================
Received Import Request.
  Time since last request: 0.030505 seconds.
  path: Assets/Scenes/wizard-1454385_640.png
  artifactKey: Guid(755b59d1354178641a8d9e899d091033) Importer(815301076,1909f56bfc062723c751e8b465ee728b)
Start importing Assets/Scenes/wizard-1454385_640.png using Guid(755b59d1354178641a8d9e899d091033) Importer(815301076,1909f56bfc062723c751e8b465ee728b)  -> (artifact id: '7bdf7529e215cac2ed24550f5f08504d') in 0.058827 seconds 
  Import took 0.066206 seconds .

========================================================================
Received Import Request.
  Time since last request: 0.039549 seconds.
  path: Assets/Scenes/wizard-1454385_640.png
  artifactKey: Guid(755b59d1354178641a8d9e899d091033) Importer(815301076,1909f56bfc062723c751e8b465ee728b)
Start importing Assets/Scenes/wizard-1454385_640.png using Guid(755b59d1354178641a8d9e899d091033) Importer(815301076,1909f56bfc062723c751e8b465ee728b)  -> (artifact id: '7bdf7529e215cac2ed24550f5f08504d') in 0.048904 seconds 
  Import took 0.056699 seconds .

========================================================================
Received Import Request.
  Time since last request: 0.032200 seconds.
  path: Assets/Scenes/wizard-1454385_640.png
  artifactKey: Guid(755b59d1354178641a8d9e899d091033) Importer(815301076,1909f56bfc062723c751e8b465ee728b)
Start importing Assets/Scenes/wizard-1454385_640.png using Guid(755b59d1354178641a8d9e899d091033) Importer(815301076,1909f56bfc062723c751e8b465ee728b)  -> (artifact id: '7bdf7529e215cac2ed24550f5f08504d') in 0.053533 seconds 
  Import took 0.061044 seconds .

========================================================================
Received Import Request.
  Time since last request: 0.029011 seconds.
  path: Assets/Scenes/wizard-1454385_640.png
  artifactKey: Guid(755b59d1354178641a8d9e899d091033) Importer(815301076,1909f56bfc062723c751e8b465ee728b)
Start importing Assets/Scenes/wizard-1454385_640.png using Guid(755b59d1354178641a8d9e899d091033) Importer(815301076,1909f56bfc062723c751e8b465ee728b)  -> (artifact id: '7bdf7529e215cac2ed24550f5f08504d') in 0.049456 seconds 
  Import took 0.057811 seconds .

========================================================================
Received Import Request.
  Time since last request: 0.031670 seconds.
  path: Assets/Scenes/wizard-1454385_640.png
  artifactKey: Guid(755b59d1354178641a8d9e899d091033) Importer(815301076,1909f56bfc062723c751e8b465ee728b)
Start importing Assets/Scenes/wizard-1454385_640.png using Guid(755b59d1354178641a8d9e899d091033) Importer(815301076,1909f56bfc062723c751e8b465ee728b)  -> (artifact id: '7bdf7529e215cac2ed24550f5f08504d') in 0.057522 seconds 
  Import took 0.066524 seconds .

========================================================================
Received Import Request.
  Time since last request: 0.041512 seconds.
  path: Assets/Scenes/wizard-1454385_640.png
  artifactKey: Guid(755b59d1354178641a8d9e899d091033) Importer(815301076,1909f56bfc062723c751e8b465ee728b)
Start importing Assets/Scenes/wizard-1454385_640.png using Guid(755b59d1354178641a8d9e899d091033) Importer(815301076,1909f56bfc062723c751e8b465ee728b)  -> (artifact id: '7bdf7529e215cac2ed24550f5f08504d') in 0.053555 seconds 
  Import took 0.061670 seconds .

========================================================================
Received Import Request.
  Time since last request: 0.040047 seconds.
  path: Assets/Scenes/wizard-1454385_640.png
  artifactKey: Guid(755b59d1354178641a8d9e899d091033) Importer(815301076,1909f56bfc062723c751e8b465ee728b)
Start importing Assets/Scenes/wizard-1454385_640.png using Guid(755b59d1354178641a8d9e899d091033) Importer(815301076,1909f56bfc062723c751e8b465ee728b)  -> (artifact id: '7bdf7529e215cac2ed24550f5f08504d') in 0.050943 seconds 
  Import took 0.058984 seconds .

========================================================================
Received Import Request.
  Time since last request: 0.030853 seconds.
  path: Assets/Scenes/wizard-1454385_640.png
  artifactKey: Guid(755b59d1354178641a8d9e899d091033) Importer(815301076,1909f56bfc062723c751e8b465ee728b)
Start importing Assets/Scenes/wizard-1454385_640.png using Guid(755b59d1354178641a8d9e899d091033) Importer(815301076,1909f56bfc062723c751e8b465ee728b)  -> (artifact id: '7bdf7529e215cac2ed24550f5f08504d') in 0.046865 seconds 
  Import took 0.054759 seconds .

========================================================================
Received Import Request.
  Time since last request: 0.031711 seconds.
  path: Assets/Scenes/wizard-1454385_640.png
  artifactKey: Guid(755b59d1354178641a8d9e899d091033) Importer(815301076,1909f56bfc062723c751e8b465ee728b)
Start importing Assets/Scenes/wizard-1454385_640.png using Guid(755b59d1354178641a8d9e899d091033) Importer(815301076,1909f56bfc062723c751e8b465ee728b)  -> (artifact id: '7bdf7529e215cac2ed24550f5f08504d') in 0.056929 seconds 
  Import took 0.064484 seconds .

========================================================================
Received Import Request.
  Time since last request: 0.040923 seconds.
  path: Assets/Scenes/wizard-1454385_640.png
  artifactKey: Guid(755b59d1354178641a8d9e899d091033) Importer(815301076,1909f56bfc062723c751e8b465ee728b)
Start importing Assets/Scenes/wizard-1454385_640.png using Guid(755b59d1354178641a8d9e899d091033) Importer(815301076,1909f56bfc062723c751e8b465ee728b)  -> (artifact id: '7bdf7529e215cac2ed24550f5f08504d') in 0.049007 seconds 
  Import took 0.056009 seconds .

========================================================================
Received Import Request.
  Time since last request: 0.030932 seconds.
  path: Assets/Scenes/wizard-1454385_640.png
  artifactKey: Guid(755b59d1354178641a8d9e899d091033) Importer(815301076,1909f56bfc062723c751e8b465ee728b)
Start importing Assets/Scenes/wizard-1454385_640.png using Guid(755b59d1354178641a8d9e899d091033) Importer(815301076,1909f56bfc062723c751e8b465ee728b)  -> (artifact id: '7bdf7529e215cac2ed24550f5f08504d') in 0.052841 seconds 
  Import took 0.062455 seconds .

========================================================================
Received Import Request.
  Time since last request: 0.032553 seconds.
  path: Assets/Scenes/wizard-1454385_640.png
  artifactKey: Guid(755b59d1354178641a8d9e899d091033) Importer(815301076,1909f56bfc062723c751e8b465ee728b)
Start importing Assets/Scenes/wizard-1454385_640.png using Guid(755b59d1354178641a8d9e899d091033) Importer(815301076,1909f56bfc062723c751e8b465ee728b)  -> (artifact id: '7bdf7529e215cac2ed24550f5f08504d') in 0.056152 seconds 
  Import took 0.063848 seconds .

========================================================================
Received Import Request.
  Time since last request: 0.029764 seconds.
  path: Assets/Scenes/wizard-1454385_640.png
  artifactKey: Guid(755b59d1354178641a8d9e899d091033) Importer(815301076,1909f56bfc062723c751e8b465ee728b)
Start importing Assets/Scenes/wizard-1454385_640.png using Guid(755b59d1354178641a8d9e899d091033) Importer(815301076,1909f56bfc062723c751e8b465ee728b)  -> (artifact id: '7bdf7529e215cac2ed24550f5f08504d') in 0.054844 seconds 
  Import took 0.062393 seconds .

========================================================================
Received Import Request.
  Time since last request: 0.032664 seconds.
  path: Assets/Scenes/wizard-1454385_640.png
  artifactKey: Guid(755b59d1354178641a8d9e899d091033) Importer(815301076,1909f56bfc062723c751e8b465ee728b)
Start importing Assets/Scenes/wizard-1454385_640.png using Guid(755b59d1354178641a8d9e899d091033) Importer(815301076,1909f56bfc062723c751e8b465ee728b)  -> (artifact id: '7bdf7529e215cac2ed24550f5f08504d') in 0.052589 seconds 
  Import took 0.061048 seconds .

========================================================================
Received Import Request.
  Time since last request: 0.041708 seconds.
  path: Assets/Scenes/wizard-1454385_640.png
  artifactKey: Guid(755b59d1354178641a8d9e899d091033) Importer(815301076,1909f56bfc062723c751e8b465ee728b)
Start importing Assets/Scenes/wizard-1454385_640.png using Guid(755b59d1354178641a8d9e899d091033) Importer(815301076,1909f56bfc062723c751e8b465ee728b)  -> (artifact id: '7bdf7529e215cac2ed24550f5f08504d') in 0.056737 seconds 
  Import took 0.064360 seconds .

========================================================================
Received Import Request.
  Time since last request: 0.033440 seconds.
  path: Assets/Scenes/wizard-1454385_640.png
  artifactKey: Guid(755b59d1354178641a8d9e899d091033) Importer(815301076,1909f56bfc062723c751e8b465ee728b)
Start importing Assets/Scenes/wizard-1454385_640.png using Guid(755b59d1354178641a8d9e899d091033) Importer(815301076,1909f56bfc062723c751e8b465ee728b)  -> (artifact id: '7bdf7529e215cac2ed24550f5f08504d') in 0.048613 seconds 
  Import took 0.057881 seconds .

========================================================================
Received Import Request.
  Time since last request: 0.038805 seconds.
  path: Assets/Scenes/wizard-1454385_640.png
  artifactKey: Guid(755b59d1354178641a8d9e899d091033) Importer(815301076,1909f56bfc062723c751e8b465ee728b)
Start importing Assets/Scenes/wizard-1454385_640.png using Guid(755b59d1354178641a8d9e899d091033) Importer(815301076,1909f56bfc062723c751e8b465ee728b)  -> (artifact id: '7bdf7529e215cac2ed24550f5f08504d') in 0.046030 seconds 
  Import took 0.056004 seconds .

========================================================================
Received Import Request.
  Time since last request: 0.032627 seconds.
  path: Assets/Scenes/wizard-1454385_640.png
  artifactKey: Guid(755b59d1354178641a8d9e899d091033) Importer(815301076,1909f56bfc062723c751e8b465ee728b)
Start importing Assets/Scenes/wizard-1454385_640.png using Guid(755b59d1354178641a8d9e899d091033) Importer(815301076,1909f56bfc062723c751e8b465ee728b)  -> (artifact id: '7bdf7529e215cac2ed24550f5f08504d') in 0.048587 seconds 
  Import took 0.056773 seconds .

========================================================================
Received Import Request.
  Time since last request: 0.036111 seconds.
  path: Assets/Scenes/wizard-1454385_640.png
  artifactKey: Guid(755b59d1354178641a8d9e899d091033) Importer(815301076,1909f56bfc062723c751e8b465ee728b)
Start importing Assets/Scenes/wizard-1454385_640.png using Guid(755b59d1354178641a8d9e899d091033) Importer(815301076,1909f56bfc062723c751e8b465ee728b)  -> (artifact id: '7bdf7529e215cac2ed24550f5f08504d') in 0.048091 seconds 
  Import took 0.054583 seconds .

========================================================================
Received Import Request.
  Time since last request: 0.041678 seconds.
  path: Assets/Scenes/wizard-1454385_640.png
  artifactKey: Guid(755b59d1354178641a8d9e899d091033) Importer(815301076,1909f56bfc062723c751e8b465ee728b)
Start importing Assets/Scenes/wizard-1454385_640.png using Guid(755b59d1354178641a8d9e899d091033) Importer(815301076,1909f56bfc062723c751e8b465ee728b)  -> (artifact id: '7bdf7529e215cac2ed24550f5f08504d') in 0.048901 seconds 
  Import took 0.055850 seconds .

========================================================================
Received Import Request.
  Time since last request: 0.032196 seconds.
  path: Assets/Scenes/wizard-1454385_640.png
  artifactKey: Guid(755b59d1354178641a8d9e899d091033) Importer(815301076,1909f56bfc062723c751e8b465ee728b)
Start importing Assets/Scenes/wizard-1454385_640.png using Guid(755b59d1354178641a8d9e899d091033) Importer(815301076,1909f56bfc062723c751e8b465ee728b)  -> (artifact id: '7bdf7529e215cac2ed24550f5f08504d') in 0.047921 seconds 
  Import took 0.056525 seconds .

========================================================================
Received Import Request.
  Time since last request: 0.036498 seconds.
  path: Assets/Scenes/wizard-1454385_640.png
  artifactKey: Guid(755b59d1354178641a8d9e899d091033) Importer(815301076,1909f56bfc062723c751e8b465ee728b)
Start importing Assets/Scenes/wizard-1454385_640.png using Guid(755b59d1354178641a8d9e899d091033) Importer(815301076,1909f56bfc062723c751e8b465ee728b)  -> (artifact id: '7bdf7529e215cac2ed24550f5f08504d') in 0.050000 seconds 
  Import took 0.058218 seconds .

========================================================================
Received Import Request.
  Time since last request: 0.041959 seconds.
  path: Assets/Scenes/wizard-1454385_640.png
  artifactKey: Guid(755b59d1354178641a8d9e899d091033) Importer(815301076,1909f56bfc062723c751e8b465ee728b)
Start importing Assets/Scenes/wizard-1454385_640.png using Guid(755b59d1354178641a8d9e899d091033) Importer(815301076,1909f56bfc062723c751e8b465ee728b)  -> (artifact id: '7bdf7529e215cac2ed24550f5f08504d') in 0.050956 seconds 
  Import took 0.058015 seconds .

========================================================================
Received Import Request.
  Time since last request: 0.039647 seconds.
  path: Assets/Scenes/wizard-1454385_640.png
  artifactKey: Guid(755b59d1354178641a8d9e899d091033) Importer(815301076,1909f56bfc062723c751e8b465ee728b)
Start importing Assets/Scenes/wizard-1454385_640.png using Guid(755b59d1354178641a8d9e899d091033) Importer(815301076,1909f56bfc062723c751e8b465ee728b)  -> (artifact id: '7bdf7529e215cac2ed24550f5f08504d') in 0.047381 seconds 
  Import took 0.054438 seconds .

========================================================================
Received Import Request.
  Time since last request: 0.034075 seconds.
  path: Assets/Scenes/wizard-1454385_640.png
  artifactKey: Guid(755b59d1354178641a8d9e899d091033) Importer(815301076,1909f56bfc062723c751e8b465ee728b)
Start importing Assets/Scenes/wizard-1454385_640.png using Guid(755b59d1354178641a8d9e899d091033) Importer(815301076,1909f56bfc062723c751e8b465ee728b)  -> (artifact id: '7bdf7529e215cac2ed24550f5f08504d') in 0.049706 seconds 
  Import took 0.055945 seconds .

========================================================================
Received Import Request.
  Time since last request: 0.032925 seconds.
  path: Assets/Scenes/wizard-1454385_640.png
  artifactKey: Guid(755b59d1354178641a8d9e899d091033) Importer(815301076,1909f56bfc062723c751e8b465ee728b)
Start importing Assets/Scenes/wizard-1454385_640.png using Guid(755b59d1354178641a8d9e899d091033) Importer(815301076,1909f56bfc062723c751e8b465ee728b)  -> (artifact id: '7bdf7529e215cac2ed24550f5f08504d') in 0.047009 seconds 
  Import took 0.055661 seconds .

========================================================================
Received Import Request.
  Time since last request: 0.033162 seconds.
  path: Assets/Scenes/wizard-1454385_640.png
  artifactKey: Guid(755b59d1354178641a8d9e899d091033) Importer(815301076,1909f56bfc062723c751e8b465ee728b)
Start importing Assets/Scenes/wizard-1454385_640.png using Guid(755b59d1354178641a8d9e899d091033) Importer(815301076,1909f56bfc062723c751e8b465ee728b)  -> (artifact id: '7bdf7529e215cac2ed24550f5f08504d') in 0.048415 seconds 
  Import took 0.055834 seconds .

========================================================================
Received Import Request.
  Time since last request: 0.033090 seconds.
  path: Assets/Scenes/wizard-1454385_640.png
  artifactKey: Guid(755b59d1354178641a8d9e899d091033) Importer(815301076,1909f56bfc062723c751e8b465ee728b)
Start importing Assets/Scenes/wizard-1454385_640.png using Guid(755b59d1354178641a8d9e899d091033) Importer(815301076,1909f56bfc062723c751e8b465ee728b)  -> (artifact id: '7bdf7529e215cac2ed24550f5f08504d') in 0.047531 seconds 
  Import took 0.054460 seconds .

========================================================================
Received Import Request.
  Time since last request: 0.035277 seconds.
  path: Assets/Scenes/wizard-1454385_640.png
  artifactKey: Guid(755b59d1354178641a8d9e899d091033) Importer(815301076,1909f56bfc062723c751e8b465ee728b)
Start importing Assets/Scenes/wizard-1454385_640.png using Guid(755b59d1354178641a8d9e899d091033) Importer(815301076,1909f56bfc062723c751e8b465ee728b)  -> (artifact id: '7bdf7529e215cac2ed24550f5f08504d') in 0.048687 seconds 
  Import took 0.057406 seconds .

========================================================================
Received Import Request.
  Time since last request: 0.033594 seconds.
  path: Assets/Scenes/wizard-1454385_640.png
  artifactKey: Guid(755b59d1354178641a8d9e899d091033) Importer(815301076,1909f56bfc062723c751e8b465ee728b)
Start importing Assets/Scenes/wizard-1454385_640.png using Guid(755b59d1354178641a8d9e899d091033) Importer(815301076,1909f56bfc062723c751e8b465ee728b)  -> (artifact id: '7bdf7529e215cac2ed24550f5f08504d') in 0.048563 seconds 
  Import took 0.055664 seconds .

========================================================================
Received Import Request.
  Time since last request: 0.035451 seconds.
  path: Assets/Scenes/wizard-1454385_640.png
  artifactKey: Guid(755b59d1354178641a8d9e899d091033) Importer(815301076,1909f56bfc062723c751e8b465ee728b)
Start importing Assets/Scenes/wizard-1454385_640.png using Guid(755b59d1354178641a8d9e899d091033) Importer(815301076,1909f56bfc062723c751e8b465ee728b)  -> (artifact id: '7bdf7529e215cac2ed24550f5f08504d') in 0.048125 seconds 
  Import took 0.057372 seconds .

========================================================================
Received Import Request.
  Time since last request: 0.042394 seconds.
  path: Assets/Scenes/wizard-1454385_640.png
  artifactKey: Guid(755b59d1354178641a8d9e899d091033) Importer(815301076,1909f56bfc062723c751e8b465ee728b)
Start importing Assets/Scenes/wizard-1454385_640.png using Guid(755b59d1354178641a8d9e899d091033) Importer(815301076,1909f56bfc062723c751e8b465ee728b)  -> (artifact id: '7bdf7529e215cac2ed24550f5f08504d') in 0.047548 seconds 
  Import took 0.056972 seconds .

========================================================================
Received Import Request.
  Time since last request: 0.035742 seconds.
  path: Assets/Scenes/wizard-1454385_640.png
  artifactKey: Guid(755b59d1354178641a8d9e899d091033) Importer(815301076,1909f56bfc062723c751e8b465ee728b)
Start importing Assets/Scenes/wizard-1454385_640.png using Guid(755b59d1354178641a8d9e899d091033) Importer(815301076,1909f56bfc062723c751e8b465ee728b)  -> (artifact id: '7bdf7529e215cac2ed24550f5f08504d') in 0.050251 seconds 
  Import took 0.059780 seconds .

========================================================================
Received Import Request.
  Time since last request: 0.047372 seconds.
  path: Assets/Scenes/wizard-1454385_640.png
  artifactKey: Guid(755b59d1354178641a8d9e899d091033) Importer(815301076,1909f56bfc062723c751e8b465ee728b)
Start importing Assets/Scenes/wizard-1454385_640.png using Guid(755b59d1354178641a8d9e899d091033) Importer(815301076,1909f56bfc062723c751e8b465ee728b)  -> (artifact id: '7bdf7529e215cac2ed24550f5f08504d') in 0.048587 seconds 
  Import took 0.056044 seconds .

========================================================================
Received Import Request.
  Time since last request: 0.037472 seconds.
  path: Assets/Scenes/wizard-1454385_640.png
  artifactKey: Guid(755b59d1354178641a8d9e899d091033) Importer(815301076,1909f56bfc062723c751e8b465ee728b)
Start importing Assets/Scenes/wizard-1454385_640.png using Guid(755b59d1354178641a8d9e899d091033) Importer(815301076,1909f56bfc062723c751e8b465ee728b)  -> (artifact id: '7bdf7529e215cac2ed24550f5f08504d') in 0.049571 seconds 
  Import took 0.058380 seconds .

========================================================================
Received Import Request.
  Time since last request: 0.037085 seconds.
  path: Assets/Scenes/wizard-1454385_640.png
  artifactKey: Guid(755b59d1354178641a8d9e899d091033) Importer(815301076,1909f56bfc062723c751e8b465ee728b)
Start importing Assets/Scenes/wizard-1454385_640.png using Guid(755b59d1354178641a8d9e899d091033) Importer(815301076,1909f56bfc062723c751e8b465ee728b)  -> (artifact id: '7bdf7529e215cac2ed24550f5f08504d') in 0.049843 seconds 
  Import took 0.056921 seconds .

========================================================================
Received Import Request.
  Time since last request: 0.032651 seconds.
  path: Assets/Scenes/wizard-1454385_640.png
  artifactKey: Guid(755b59d1354178641a8d9e899d091033) Importer(815301076,1909f56bfc062723c751e8b465ee728b)
Start importing Assets/Scenes/wizard-1454385_640.png using Guid(755b59d1354178641a8d9e899d091033) Importer(815301076,1909f56bfc062723c751e8b465ee728b)  -> (artifact id: '7bdf7529e215cac2ed24550f5f08504d') in 0.051174 seconds 
  Import took 0.058185 seconds .

========================================================================
Received Import Request.
  Time since last request: 0.035515 seconds.
  path: Assets/Scenes/wizard-1454385_640.png
  artifactKey: Guid(755b59d1354178641a8d9e899d091033) Importer(815301076,1909f56bfc062723c751e8b465ee728b)
Start importing Assets/Scenes/wizard-1454385_640.png using Guid(755b59d1354178641a8d9e899d091033) Importer(815301076,1909f56bfc062723c751e8b465ee728b)  -> (artifact id: '7bdf7529e215cac2ed24550f5f08504d') in 0.047360 seconds 
  Import took 0.054244 seconds .

========================================================================
Received Import Request.
  Time since last request: 0.032100 seconds.
  path: Assets/Scenes/wizard-1454385_640.png
  artifactKey: Guid(755b59d1354178641a8d9e899d091033) Importer(815301076,1909f56bfc062723c751e8b465ee728b)
Start importing Assets/Scenes/wizard-1454385_640.png using Guid(755b59d1354178641a8d9e899d091033) Importer(815301076,1909f56bfc062723c751e8b465ee728b)  -> (artifact id: '7bdf7529e215cac2ed24550f5f08504d') in 0.050040 seconds 
  Import took 0.057568 seconds .

========================================================================
Received Import Request.
  Time since last request: 0.034093 seconds.
  path: Assets/Scenes/wizard-1454385_640.png
  artifactKey: Guid(755b59d1354178641a8d9e899d091033) Importer(815301076,1909f56bfc062723c751e8b465ee728b)
Start importing Assets/Scenes/wizard-1454385_640.png using Guid(755b59d1354178641a8d9e899d091033) Importer(815301076,1909f56bfc062723c751e8b465ee728b)  -> (artifact id: '7bdf7529e215cac2ed24550f5f08504d') in 0.048191 seconds 
  Import took 0.056311 seconds .

========================================================================
Received Import Request.
  Time since last request: 0.042209 seconds.
  path: Assets/Scenes/wizard-1454385_640.png
  artifactKey: Guid(755b59d1354178641a8d9e899d091033) Importer(815301076,1909f56bfc062723c751e8b465ee728b)
Start importing Assets/Scenes/wizard-1454385_640.png using Guid(755b59d1354178641a8d9e899d091033) Importer(815301076,1909f56bfc062723c751e8b465ee728b)  -> (artifact id: '7bdf7529e215cac2ed24550f5f08504d') in 0.048426 seconds 
  Import took 0.056580 seconds .

========================================================================
Received Import Request.
  Time since last request: 0.040556 seconds.
  path: Assets/Scenes/wizard-1454385_640.png
  artifactKey: Guid(755b59d1354178641a8d9e899d091033) Importer(815301076,1909f56bfc062723c751e8b465ee728b)
Start importing Assets/Scenes/wizard-1454385_640.png using Guid(755b59d1354178641a8d9e899d091033) Importer(815301076,1909f56bfc062723c751e8b465ee728b)  -> (artifact id: '7bdf7529e215cac2ed24550f5f08504d') in 0.048388 seconds 
  Import took 0.057604 seconds .

========================================================================
Received Import Request.
  Time since last request: 0.035260 seconds.
  path: Assets/Scenes/wizard-1454385_640.png
  artifactKey: Guid(755b59d1354178641a8d9e899d091033) Importer(815301076,1909f56bfc062723c751e8b465ee728b)
Start importing Assets/Scenes/wizard-1454385_640.png using Guid(755b59d1354178641a8d9e899d091033) Importer(815301076,1909f56bfc062723c751e8b465ee728b)  -> (artifact id: '7bdf7529e215cac2ed24550f5f08504d') in 0.045985 seconds 
  Import took 0.052643 seconds .

========================================================================
Received Import Request.
  Time since last request: 0.032737 seconds.
  path: Assets/Scenes/wizard-1454385_640.png
  artifactKey: Guid(755b59d1354178641a8d9e899d091033) Importer(815301076,1909f56bfc062723c751e8b465ee728b)
Start importing Assets/Scenes/wizard-1454385_640.png using Guid(755b59d1354178641a8d9e899d091033) Importer(815301076,1909f56bfc062723c751e8b465ee728b)  -> (artifact id: '7bdf7529e215cac2ed24550f5f08504d') in 0.049321 seconds 
  Import took 0.057272 seconds .

========================================================================
Received Import Request.
  Time since last request: 0.034884 seconds.
  path: Assets/Scenes/wizard-1454385_640.png
  artifactKey: Guid(755b59d1354178641a8d9e899d091033) Importer(815301076,1909f56bfc062723c751e8b465ee728b)
Start importing Assets/Scenes/wizard-1454385_640.png using Guid(755b59d1354178641a8d9e899d091033) Importer(815301076,1909f56bfc062723c751e8b465ee728b)  -> (artifact id: '7bdf7529e215cac2ed24550f5f08504d') in 0.047818 seconds 
  Import took 0.055118 seconds .

========================================================================
Received Import Request.
  Time since last request: 0.035597 seconds.
  path: Assets/Scenes/wizard-1454385_640.png
  artifactKey: Guid(755b59d1354178641a8d9e899d091033) Importer(815301076,1909f56bfc062723c751e8b465ee728b)
Start importing Assets/Scenes/wizard-1454385_640.png using Guid(755b59d1354178641a8d9e899d091033) Importer(815301076,1909f56bfc062723c751e8b465ee728b)  -> (artifact id: '7bdf7529e215cac2ed24550f5f08504d') in 0.048227 seconds 
  Import took 0.055972 seconds .

========================================================================
Received Import Request.
  Time since last request: 0.033582 seconds.
  path: Assets/Scenes/wizard-1454385_640.png
  artifactKey: Guid(755b59d1354178641a8d9e899d091033) Importer(815301076,1909f56bfc062723c751e8b465ee728b)
Start importing Assets/Scenes/wizard-1454385_640.png using Guid(755b59d1354178641a8d9e899d091033) Importer(815301076,1909f56bfc062723c751e8b465ee728b)  -> (artifact id: '7bdf7529e215cac2ed24550f5f08504d') in 0.048044 seconds 
  Import took 0.056780 seconds .

========================================================================
Received Import Request.
  Time since last request: 0.034578 seconds.
  path: Assets/Scenes/wizard-1454385_640.png
  artifactKey: Guid(755b59d1354178641a8d9e899d091033) Importer(815301076,1909f56bfc062723c751e8b465ee728b)
Start importing Assets/Scenes/wizard-1454385_640.png using Guid(755b59d1354178641a8d9e899d091033) Importer(815301076,1909f56bfc062723c751e8b465ee728b)  -> (artifact id: '7bdf7529e215cac2ed24550f5f08504d') in 0.051261 seconds 
  Import took 0.058133 seconds .

========================================================================
Received Import Request.
  Time since last request: 0.037509 seconds.
  path: Assets/Scenes/wizard-1454385_640.png
  artifactKey: Guid(755b59d1354178641a8d9e899d091033) Importer(815301076,1909f56bfc062723c751e8b465ee728b)
Start importing Assets/Scenes/wizard-1454385_640.png using Guid(755b59d1354178641a8d9e899d091033) Importer(815301076,1909f56bfc062723c751e8b465ee728b)  -> (artifact id: '7bdf7529e215cac2ed24550f5f08504d') in 0.047206 seconds 
  Import took 0.054578 seconds .

========================================================================
Received Import Request.
  Time since last request: 0.034229 seconds.
  path: Assets/Scenes/wizard-1454385_640.png
  artifactKey: Guid(755b59d1354178641a8d9e899d091033) Importer(815301076,1909f56bfc062723c751e8b465ee728b)
Start importing Assets/Scenes/wizard-1454385_640.png using Guid(755b59d1354178641a8d9e899d091033) Importer(815301076,1909f56bfc062723c751e8b465ee728b)  -> (artifact id: '7bdf7529e215cac2ed24550f5f08504d') in 0.048264 seconds 
  Import took 0.054986 seconds .

========================================================================
Received Import Request.
  Time since last request: 0.036681 seconds.
  path: Assets/Scenes/wizard-1454385_640.png
  artifactKey: Guid(755b59d1354178641a8d9e899d091033) Importer(815301076,1909f56bfc062723c751e8b465ee728b)
Start importing Assets/Scenes/wizard-1454385_640.png using Guid(755b59d1354178641a8d9e899d091033) Importer(815301076,1909f56bfc062723c751e8b465ee728b)  -> (artifact id: '7bdf7529e215cac2ed24550f5f08504d') in 0.048630 seconds 
  Import took 0.057750 seconds .

========================================================================
Received Import Request.
  Time since last request: 0.045226 seconds.
  path: Assets/Scenes/wizard-1454385_640.png
  artifactKey: Guid(755b59d1354178641a8d9e899d091033) Importer(815301076,1909f56bfc062723c751e8b465ee728b)
Start importing Assets/Scenes/wizard-1454385_640.png using Guid(755b59d1354178641a8d9e899d091033) Importer(815301076,1909f56bfc062723c751e8b465ee728b)  -> (artifact id: '7bdf7529e215cac2ed24550f5f08504d') in 0.051427 seconds 
  Import took 0.058479 seconds .

========================================================================
Received Import Request.
  Time since last request: 0.034324 seconds.
  path: Assets/Scenes/wizard-1454385_640.png
  artifactKey: Guid(755b59d1354178641a8d9e899d091033) Importer(815301076,1909f56bfc062723c751e8b465ee728b)
Start importing Assets/Scenes/wizard-1454385_640.png using Guid(755b59d1354178641a8d9e899d091033) Importer(815301076,1909f56bfc062723c751e8b465ee728b)  -> (artifact id: '7bdf7529e215cac2ed24550f5f08504d') in 0.058844 seconds 
  Import took 0.070109 seconds .

========================================================================
Received Import Request.
  Time since last request: 17.995836 seconds.
  path: Assets/Fonts/Script
  artifactKey: Guid(9ea026a6282c34b4d9366aa4e30de9c9) Importer(815301076,1909f56bfc062723c751e8b465ee728b)
Start importing Assets/Fonts/Script using Guid(9ea026a6282c34b4d9366aa4e30de9c9) Importer(815301076,1909f56bfc062723c751e8b465ee728b)  -> (artifact id: '8a6e1b2f9a450f9283f553a643224fb6') in 0.037233 seconds 
  Import took 0.043461 seconds .

========================================================================
Received Import Request.
  Time since last request: 2.189184 seconds.
  path: Assets/Fonts/Script/scriptTexttest.cs
  artifactKey: Guid(cf58b38533854964da0284ae4f5be975) Importer(815301076,1909f56bfc062723c751e8b465ee728b)
Start importing Assets/Fonts/Script/scriptTexttest.cs using Guid(cf58b38533854964da0284ae4f5be975) Importer(815301076,1909f56bfc062723c751e8b465ee728b)  -> (artifact id: 'c731b5211c31a9e4d616d9545840ce13') in 0.043533 seconds 
  Import took 0.050007 seconds .

========================================================================
Received Import Request.
  Time since last request: 3.210922 seconds.
  path: Assets/Fonts/UIsprite/JazzCreateFontUI1024x512.png
  artifactKey: Guid(d61d12d2d79f7244e9f4de798743e099) Importer(815301076,1909f56bfc062723c751e8b465ee728b)
Start importing Assets/Fonts/UIsprite/JazzCreateFontUI1024x512.png using Guid(d61d12d2d79f7244e9f4de798743e099) Importer(815301076,1909f56bfc062723c751e8b465ee728b)  -> (artifact id: '21e07203ac06b629f6dde5fc14657b66') in 0.045534 seconds 
  Import took 0.052375 seconds .

========================================================================
Received Import Request.
  Time since last request: 0.031729 seconds.
  path: Assets/Fonts/UIsprite/JazzCreateFontUI1024x512.png
  artifactKey: Guid(d61d12d2d79f7244e9f4de798743e099) Importer(815301076,1909f56bfc062723c751e8b465ee728b)
Start importing Assets/Fonts/UIsprite/JazzCreateFontUI1024x512.png using Guid(d61d12d2d79f7244e9f4de798743e099) Importer(815301076,1909f56bfc062723c751e8b465ee728b)  -> (artifact id: '21e07203ac06b629f6dde5fc14657b66') in 0.051816 seconds 
  Import took 0.059991 seconds .

========================================================================
Received Import Request.
  Time since last request: 0.039912 seconds.
  path: Assets/Fonts/UIsprite/JazzCreateFontUI1024x512.png
  artifactKey: Guid(d61d12d2d79f7244e9f4de798743e099) Importer(815301076,1909f56bfc062723c751e8b465ee728b)
Start importing Assets/Fonts/UIsprite/JazzCreateFontUI1024x512.png using Guid(d61d12d2d79f7244e9f4de798743e099) Importer(815301076,1909f56bfc062723c751e8b465ee728b)  -> (artifact id: '21e07203ac06b629f6dde5fc14657b66') in 0.052256 seconds 
  Import took 0.061539 seconds .

========================================================================
Received Import Request.
  Time since last request: 0.033487 seconds.
  path: Assets/Fonts/UIsprite/JazzCreateFontUI1024x512.png
  artifactKey: Guid(d61d12d2d79f7244e9f4de798743e099) Importer(815301076,1909f56bfc062723c751e8b465ee728b)
Start importing Assets/Fonts/UIsprite/JazzCreateFontUI1024x512.png using Guid(d61d12d2d79f7244e9f4de798743e099) Importer(815301076,1909f56bfc062723c751e8b465ee728b)  -> (artifact id: '21e07203ac06b629f6dde5fc14657b66') in 0.055685 seconds 
  Import took 0.063970 seconds .

========================================================================
Received Import Request.
  Time since last request: 0.027602 seconds.
  path: Assets/Fonts/UIsprite/JazzCreateFontUI1024x512.png
  artifactKey: Guid(d61d12d2d79f7244e9f4de798743e099) Importer(815301076,1909f56bfc062723c751e8b465ee728b)
Start importing Assets/Fonts/UIsprite/JazzCreateFontUI1024x512.png using Guid(d61d12d2d79f7244e9f4de798743e099) Importer(815301076,1909f56bfc062723c751e8b465ee728b)  -> (artifact id: '21e07203ac06b629f6dde5fc14657b66') in 0.054812 seconds 
  Import took 0.062405 seconds .

========================================================================
Received Import Request.
  Time since last request: 0.032170 seconds.
  path: Assets/Fonts/UIsprite/JazzCreateFontUI1024x512.png
  artifactKey: Guid(d61d12d2d79f7244e9f4de798743e099) Importer(815301076,1909f56bfc062723c751e8b465ee728b)
Start importing Assets/Fonts/UIsprite/JazzCreateFontUI1024x512.png using Guid(d61d12d2d79f7244e9f4de798743e099) Importer(815301076,1909f56bfc062723c751e8b465ee728b)  -> (artifact id: '21e07203ac06b629f6dde5fc14657b66') in 0.055590 seconds 
  Import took 0.063226 seconds .

========================================================================
Received Import Request.
  Time since last request: 0.030744 seconds.
  path: Assets/Fonts/UIsprite/JazzCreateFontUI1024x512.png
  artifactKey: Guid(d61d12d2d79f7244e9f4de798743e099) Importer(815301076,1909f56bfc062723c751e8b465ee728b)
Start importing Assets/Fonts/UIsprite/JazzCreateFontUI1024x512.png using Guid(d61d12d2d79f7244e9f4de798743e099) Importer(815301076,1909f56bfc062723c751e8b465ee728b)  -> (artifact id: '21e07203ac06b629f6dde5fc14657b66') in 0.053150 seconds 
  Import took 0.061648 seconds .

========================================================================
Received Prepare
Registering precompiled user dll's ...
Registered in 0.009198 seconds.
ASSEMBLY OVERRIDES: * override found for Unity assembly UnityEngine.UIElementsModule.dll (override path Library/ScriptAssemblies/UnityEngine.UIElementsModule.dll)
ASSEMBLY OVERRIDES: * override found for Unity assembly UnityEditor.UIElementsModule.dll (override path Library/ScriptAssemblies/UnityEditor.UIElementsModule.dll)
Begin MonoManager ReloadAssembly
Symbol file LoadedFromMemory is not a mono symbol file
Error: Could not load signature of Unity.UI.Builder.BuilderTextShadow:.ctor due to: Could not resolve type with token 01000099 (from typeref, class/assembly UnityEngine.UIElements.StyleTextShadow, UnityEngine.UIElementsModule, Version=1.0.0.0, Culture=neutral, PublicKeyToken=null) assembly:UnityEngine.UIElementsModule, Version=1.0.0.0, Culture=neutral, PublicKeyToken=null type:UnityEngine.UIElements.StyleTextShadow member:(null) signature:<none>

The scripted importer 'UIElementsViewImporter' attempted to register file type '.uxml', which is handled by a native Unity importer. Registration rejected.
UnityEngine.StackTraceUtility:ExtractStackTrace ()
UnityEditor.AssetImporters.ScriptedImporter:RegisterScriptedImporters ()

[C:\buildslave\unity\build\Modules/AssetDatabase/Editor/Public/ImporterRegistry.cpp line 245]

The scripted importer 'StyleSheetImporter' attempted to register file type '.uss', which is handled by a native Unity importer. Registration rejected.
UnityEngine.StackTraceUtility:ExtractStackTrace ()
UnityEditor.AssetImporters.ScriptedImporter:RegisterScriptedImporters ()

[C:\buildslave\unity\build\Modules/AssetDatabase/Editor/Public/ImporterRegistry.cpp line 245]

The scripted importer 'ThemeStyleSheetImporter' attempted to register file type '.tss', which is handled by a native Unity importer. Registration rejected.
UnityEngine.StackTraceUtility:ExtractStackTrace ()
UnityEditor.AssetImporters.ScriptedImporter:RegisterScriptedImporters ()

[C:\buildslave\unity\build\Modules/AssetDatabase/Editor/Public/ImporterRegistry.cpp line 245]

Unloading broken assembly Library/ScriptAssemblies/UnityEditor.UIBuilderModule.dll, this assembly can cause crashes in the runtime

Native extension for WindowsStandalone target not found
Native extension for OSXStandalone target not found
Native extension for WebGL target not found
Refreshing native plugins compatible for Editor in 1.42 ms, found 3 plugins.
Preloading 0 native plugins for Editor in 0.00 ms.
ASSEMBLY OVERRIDES: * override found for Unity assembly UnityEngine.UIElementsModule.dll (override path Library/ScriptAssemblies/UnityEngine.UIElementsModule.dll)
ASSEMBLY OVERRIDES: * override found for Unity assembly UnityEditor.UIElementsModule.dll (override path Library/ScriptAssemblies/UnityEditor.UIElementsModule.dll)
System.Reflection.TargetInvocationException: Exception has been thrown by the target of an invocation. ---> UnityEngine.UnityException: The MakeClientFunc has already been registered. Registration denied.
  at UnityEngine.UIElements.DragAndDropUtility.RegisterMakeClientFunc (System.Func`1[TResult] makeClient) [0x00017] in <f28f649cfb6a4dd5a118cb05800b248d>:0 
  at UnityEditor.UIElements.EditorDragAndDrop.RegisterEditorClient () [0x0000a] in <17cba49fae414354b79f447a7073fc5b>:0 
  at (wrapper managed-to-native) System.Reflection.MonoMethod.InternalInvoke(System.Reflection.MonoMethod,object,object[],System.Exception&)
  at System.Reflection.MonoMethod.Invoke (System.Object obj, System.Reflection.BindingFlags invokeAttr, System.Reflection.Binder binder, System.Object[] parameters, System.Globalization.CultureInfo culture) [0x00032] in <695d1cc93cca45069c528c15c9fdd749>:0 
   --- End of inner exception stack trace ---
  at System.Reflection.MonoMethod.Invoke (System.Object obj, System.Reflection.BindingFlags invokeAttr, System.Reflection.Binder binder, System.Object[] parameters, System.Globalization.CultureInfo culture) [0x00048] in <695d1cc93cca45069c528c15c9fdd749>:0 
  at System.Reflection.MethodBase.Invoke (System.Object obj, System.Object[] parameters) [0x00000] in <695d1cc93cca45069c528c15c9fdd749>:0 
  at UnityEditor.EditorAssemblies.ProcessInitializeOnLoadMethodAttributes () [0x00047] in <d0e4b8c1204147f3935b6e9c8b8565ad>:0 
UnityEngine.StackTraceUtility:ExtractStackTrace ()
UnityEngine.DebugLogHandler:LogFormat (UnityEngine.LogType,UnityEngine.Object,string,object[])
UnityEngine.Logger:Log (UnityEngine.LogType,object)
UnityEngine.Debug:LogError (object)
UnityEditor.EditorAssemblies:ProcessInitializeOnLoadMethodAttributes ()

ASSEMBLY OVERRIDES: * override found for Unity assembly UnityEngine.UIElementsModule.dll (override path Library/ScriptAssemblies/UnityEngine.UIElementsModule.dll)
ASSEMBLY OVERRIDES: * override found for Unity assembly UnityEditor.UIElementsModule.dll (override path Library/ScriptAssemblies/UnityEditor.UIElementsModule.dll)
Mono: successfully reloaded assembly
ArgumentException: An item with the same key has already been added. Key: UnityEditor.UIElements.EditorAtlasMonitorInjector
Parameter name: key
  at System.Collections.Generic.SortedList`2[TKey,TValue].Add (TKey key, TValue value) [0x00041] in <0463b2ef957545c0a51b42f372cd4fbb>:0 
  at UnityEditor.AssetPostprocessingInternal.GetTextureProcessorsHashString () [0x000a2] in <d0e4b8c1204147f3935b6e9c8b8565ad>:0 
UnityEngine.DebugLogHandler:Internal_LogException(Exception, Object)
UnityEngine.DebugLogHandler:LogException(Exception, Object)
UnityEngine.Logger:LogException(Exception, Object)
UnityEngine.Debug:LogException(Exception)
UnityEditor.AssetPostprocessingInternal:GetTextureProcessorsHashString()

- Completed reload, in  1.545 seconds
Domain Reload Profiling:
	ReloadAssembly (1545ms)
		BeginReloadAssembly (158ms)
			ExecutionOrderSort (0ms)
			DisableScriptedObjects (13ms)
			BackupInstance (0ms)
			ReleaseScriptingObjects (0ms)
			CreateAndSetChildDomain (49ms)
		EndReloadAssembly (1310ms)
			LoadAssemblies (118ms)
			RebuildTransferFunctionScriptingTraits (0ms)
			SetupTypeCache (386ms)
			ReleaseScriptCaches (1ms)
			RebuildScriptCaches (75ms)
			SetupLoadedEditorAssemblies (573ms)
				LogAssemblyErrors (0ms)
				InitializePlatformSupportModulesInManaged (10ms)
				SetLoadedEditorAssemblies (1ms)
				RefreshPlugins (2ms)
				BeforeProcessingInitializeOnLoad (135ms)
				ProcessInitializeOnLoadAttributes (400ms)
				ProcessInitializeOnLoadMethodAttributes (18ms)
				AfterProcessingInitializeOnLoad (8ms)
				EditorAssembliesLoaded (0ms)
			ExecutionOrderSort2 (0ms)
			AwakeInstancesAfterBackupRestoration (15ms)
Platform modules already initialized, skipping
Refreshing native plugins compatible for Editor in 0.81 ms, found 3 plugins.
Preloading 0 native plugins for Editor in 0.00 ms.
Unloading 2736 Unused Serialized files (Serialized files now loaded: 0)
System memory in use before: 121.8 MB.
System memory in use after: 122.0 MB.

Unloading 52 unused Assets to reduce memory usage. Loaded Objects now: 3218.
Total: 4.422500 ms (FindLiveObjects: 0.386800 ms CreateObjectMapping: 0.234100 ms MarkObjects: 3.683800 ms  DeleteObjects: 0.116400 ms)

AssetImportParameters requested are different than current active one (requested -> active):
  custom:framework-win-MediaFoundation: 216162199b28c13a410421893ffa2e32 -> 
  custom:video-decoder-ogg-theora: a1e56fd34408186e4bbccfd4996cb3dc -> 
  custom:container-muxer-webm: aa71ff27fc2769a1b78a27578f13a17b -> 
  custom:container-demuxer-webm: 4f35f7cbe854078d1ac9338744f61a02 -> 
  custom:container-demuxer-ogg: 62fdf1f143b41e24485cea50d1cbac27 -> 
  custom:video-encoder-webm-vp8: eb34c28f22e8b96e1ab97ce403110664 -> 
  custom:video-decoder-webm-vp8: 9c59270c3fd7afecdb556c50c9e8de78 -> 
  custom:audio-decoder-ogg-vorbis: bf7c407c2cedff20999df2af8eb42d56 -> 
  custom:audio-encoder-webm-vorbis: bf7c407c2cedff20999df2af8eb42d56 -> 
========================================================================
Received Prepare
Registering precompiled user dll's ...
Registered in 0.006262 seconds.
ASSEMBLY OVERRIDES: * override found for Unity assembly UnityEngine.UIElementsModule.dll (override path Library/ScriptAssemblies/UnityEngine.UIElementsModule.dll)
ASSEMBLY OVERRIDES: * override found for Unity assembly UnityEditor.UIElementsModule.dll (override path Library/ScriptAssemblies/UnityEditor.UIElementsModule.dll)
Begin MonoManager ReloadAssembly
Symbol file LoadedFromMemory is not a mono symbol file
Error: Could not load signature of Unity.UI.Builder.BuilderTextShadow:.ctor due to: Could not resolve type with token 01000099 (from typeref, class/assembly UnityEngine.UIElements.StyleTextShadow, UnityEngine.UIElementsModule, Version=1.0.0.0, Culture=neutral, PublicKeyToken=null) assembly:UnityEngine.UIElementsModule, Version=1.0.0.0, Culture=neutral, PublicKeyToken=null type:UnityEngine.UIElements.StyleTextShadow member:(null) signature:<none>

The scripted importer 'UIElementsViewImporter' attempted to register file type '.uxml', which is handled by a native Unity importer. Registration rejected.
UnityEngine.StackTraceUtility:ExtractStackTrace ()
UnityEditor.AssetImporters.ScriptedImporter:RegisterScriptedImporters ()

[C:\buildslave\unity\build\Modules/AssetDatabase/Editor/Public/ImporterRegistry.cpp line 245]

The scripted importer 'StyleSheetImporter' attempted to register file type '.uss', which is handled by a native Unity importer. Registration rejected.
UnityEngine.StackTraceUtility:ExtractStackTrace ()
UnityEditor.AssetImporters.ScriptedImporter:RegisterScriptedImporters ()

[C:\buildslave\unity\build\Modules/AssetDatabase/Editor/Public/ImporterRegistry.cpp line 245]

The scripted importer 'ThemeStyleSheetImporter' attempted to register file type '.tss', which is handled by a native Unity importer. Registration rejected.
UnityEngine.StackTraceUtility:ExtractStackTrace ()
UnityEditor.AssetImporters.ScriptedImporter:RegisterScriptedImporters ()

[C:\buildslave\unity\build\Modules/AssetDatabase/Editor/Public/ImporterRegistry.cpp line 245]

Unloading broken assembly Library/ScriptAssemblies/UnityEditor.UIBuilderModule.dll, this assembly can cause crashes in the runtime

Native extension for WindowsStandalone target not found
Native extension for OSXStandalone target not found
Native extension for WebGL target not found
Refreshing native plugins compatible for Editor in 0.72 ms, found 3 plugins.
Preloading 0 native plugins for Editor in 0.00 ms.
ASSEMBLY OVERRIDES: * override found for Unity assembly UnityEngine.UIElementsModule.dll (override path Library/ScriptAssemblies/UnityEngine.UIElementsModule.dll)
ASSEMBLY OVERRIDES: * override found for Unity assembly UnityEditor.UIElementsModule.dll (override path Library/ScriptAssemblies/UnityEditor.UIElementsModule.dll)
System.Reflection.TargetInvocationException: Exception has been thrown by the target of an invocation. ---> UnityEngine.UnityException: The MakeClientFunc has already been registered. Registration denied.
  at UnityEngine.UIElements.DragAndDropUtility.RegisterMakeClientFunc (System.Func`1[TResult] makeClient) [0x00017] in <f28f649cfb6a4dd5a118cb05800b248d>:0 
  at UnityEditor.UIElements.EditorDragAndDrop.RegisterEditorClient () [0x0000a] in <17cba49fae414354b79f447a7073fc5b>:0 
  at (wrapper managed-to-native) System.Reflection.MonoMethod.InternalInvoke(System.Reflection.MonoMethod,object,object[],System.Exception&)
  at System.Reflection.MonoMethod.Invoke (System.Object obj, System.Reflection.BindingFlags invokeAttr, System.Reflection.Binder binder, System.Object[] parameters, System.Globalization.CultureInfo culture) [0x00032] in <695d1cc93cca45069c528c15c9fdd749>:0 
   --- End of inner exception stack trace ---
  at System.Reflection.MonoMethod.Invoke (System.Object obj, System.Reflection.BindingFlags invokeAttr, System.Reflection.Binder binder, System.Object[] parameters, System.Globalization.CultureInfo culture) [0x00048] in <695d1cc93cca45069c528c15c9fdd749>:0 
  at System.Reflection.MethodBase.Invoke (System.Object obj, System.Object[] parameters) [0x00000] in <695d1cc93cca45069c528c15c9fdd749>:0 
  at UnityEditor.EditorAssemblies.ProcessInitializeOnLoadMethodAttributes () [0x00047] in <d0e4b8c1204147f3935b6e9c8b8565ad>:0 
UnityEngine.StackTraceUtility:ExtractStackTrace ()
UnityEngine.DebugLogHandler:LogFormat (UnityEngine.LogType,UnityEngine.Object,string,object[])
UnityEngine.Logger:Log (UnityEngine.LogType,object)
UnityEngine.Debug:LogError (object)
UnityEditor.EditorAssemblies:ProcessInitializeOnLoadMethodAttributes ()

ASSEMBLY OVERRIDES: * override found for Unity assembly UnityEngine.UIElementsModule.dll (override path Library/ScriptAssemblies/UnityEngine.UIElementsModule.dll)
ASSEMBLY OVERRIDES: * override found for Unity assembly UnityEditor.UIElementsModule.dll (override path Library/ScriptAssemblies/UnityEditor.UIElementsModule.dll)
Mono: successfully reloaded assembly
ArgumentException: An item with the same key has already been added. Key: UnityEditor.UIElements.EditorAtlasMonitorInjector
Parameter name: key
  at System.Collections.Generic.SortedList`2[TKey,TValue].Add (TKey key, TValue value) [0x00041] in <0463b2ef957545c0a51b42f372cd4fbb>:0 
  at UnityEditor.AssetPostprocessingInternal.GetTextureProcessorsHashString () [0x000a2] in <d0e4b8c1204147f3935b6e9c8b8565ad>:0 
UnityEngine.DebugLogHandler:Internal_LogException(Exception, Object)
UnityEngine.DebugLogHandler:LogException(Exception, Object)
UnityEngine.Logger:LogException(Exception, Object)
UnityEngine.Debug:LogException(Exception)
UnityEditor.AssetPostprocessingInternal:GetTextureProcessorsHashString()

- Completed reload, in  1.652 seconds
Domain Reload Profiling:
	ReloadAssembly (1653ms)
		BeginReloadAssembly (252ms)
			ExecutionOrderSort (0ms)
			DisableScriptedObjects (16ms)
			BackupInstance (0ms)
			ReleaseScriptingObjects (0ms)
			CreateAndSetChildDomain (74ms)
		EndReloadAssembly (1248ms)
			LoadAssemblies (193ms)
			RebuildTransferFunctionScriptingTraits (0ms)
			SetupTypeCache (376ms)
			ReleaseScriptCaches (2ms)
			RebuildScriptCaches (67ms)
			SetupLoadedEditorAssemblies (529ms)
				LogAssemblyErrors (0ms)
				InitializePlatformSupportModulesInManaged (10ms)
				SetLoadedEditorAssemblies (1ms)
				RefreshPlugins (1ms)
				BeforeProcessingInitializeOnLoad (121ms)
				ProcessInitializeOnLoadAttributes (371ms)
				ProcessInitializeOnLoadMethodAttributes (18ms)
				AfterProcessingInitializeOnLoad (7ms)
				EditorAssembliesLoaded (0ms)
			ExecutionOrderSort2 (0ms)
			AwakeInstancesAfterBackupRestoration (13ms)
Platform modules already initialized, skipping
Refreshing native plugins compatible for Editor in 0.99 ms, found 3 plugins.
Preloading 0 native plugins for Editor in 0.00 ms.
Unloading 2736 Unused Serialized files (Serialized files now loaded: 0)
System memory in use before: 121.7 MB.
System memory in use after: 121.9 MB.

Unloading 18 unused Assets to reduce memory usage. Loaded Objects now: 3221.
Total: 4.335200 ms (FindLiveObjects: 0.321800 ms CreateObjectMapping: 0.119700 ms MarkObjects: 3.769700 ms  DeleteObjects: 0.122300 ms)

AssetImportParameters requested are different than current active one (requested -> active):
  custom:framework-win-MediaFoundation: 216162199b28c13a410421893ffa2e32 -> 
  custom:video-decoder-ogg-theora: a1e56fd34408186e4bbccfd4996cb3dc -> 
  custom:container-muxer-webm: aa71ff27fc2769a1b78a27578f13a17b -> 
  custom:container-demuxer-webm: 4f35f7cbe854078d1ac9338744f61a02 -> 
  custom:container-demuxer-ogg: 62fdf1f143b41e24485cea50d1cbac27 -> 
  custom:video-encoder-webm-vp8: eb34c28f22e8b96e1ab97ce403110664 -> 
  custom:video-decoder-webm-vp8: 9c59270c3fd7afecdb556c50c9e8de78 -> 
  custom:audio-decoder-ogg-vorbis: bf7c407c2cedff20999df2af8eb42d56 -> 
  custom:audio-encoder-webm-vorbis: bf7c407c2cedff20999df2af8eb42d56 -> 
========================================================================
Received Import Request.
  Time since last request: 187.345290 seconds.
  path: Assets/Scripts/NumberWizard.cs
  artifactKey: Guid(8d6dee18bd1e733439613d932a978323) Importer(815301076,1909f56bfc062723c751e8b465ee728b)
Start importing Assets/Scripts/NumberWizard.cs using Guid(8d6dee18bd1e733439613d932a978323) Importer(815301076,1909f56bfc062723c751e8b465ee728b)  -> (artifact id: 'ef31829af1a1713cf613dce8b5cde466') in 0.087261 seconds 
  Import took 0.110413 seconds .

========================================================================
Received Prepare
Registering precompiled user dll's ...
Registered in 0.007066 seconds.
ASSEMBLY OVERRIDES: * override found for Unity assembly UnityEngine.UIElementsModule.dll (override path Library/ScriptAssemblies/UnityEngine.UIElementsModule.dll)
ASSEMBLY OVERRIDES: * override found for Unity assembly UnityEditor.UIElementsModule.dll (override path Library/ScriptAssemblies/UnityEditor.UIElementsModule.dll)
Begin MonoManager ReloadAssembly
Symbol file LoadedFromMemory is not a mono symbol file
Error: Could not load signature of Unity.UI.Builder.BuilderTextShadow:.ctor due to: Could not resolve type with token 01000099 (from typeref, class/assembly UnityEngine.UIElements.StyleTextShadow, UnityEngine.UIElementsModule, Version=1.0.0.0, Culture=neutral, PublicKeyToken=null) assembly:UnityEngine.UIElementsModule, Version=1.0.0.0, Culture=neutral, PublicKeyToken=null type:UnityEngine.UIElements.StyleTextShadow member:(null) signature:<none>

The scripted importer 'UIElementsViewImporter' attempted to register file type '.uxml', which is handled by a native Unity importer. Registration rejected.
UnityEngine.StackTraceUtility:ExtractStackTrace ()
UnityEditor.AssetImporters.ScriptedImporter:RegisterScriptedImporters ()

[C:\buildslave\unity\build\Modules/AssetDatabase/Editor/Public/ImporterRegistry.cpp line 245]

The scripted importer 'StyleSheetImporter' attempted to register file type '.uss', which is handled by a native Unity importer. Registration rejected.
UnityEngine.StackTraceUtility:ExtractStackTrace ()
UnityEditor.AssetImporters.ScriptedImporter:RegisterScriptedImporters ()

[C:\buildslave\unity\build\Modules/AssetDatabase/Editor/Public/ImporterRegistry.cpp line 245]

The scripted importer 'ThemeStyleSheetImporter' attempted to register file type '.tss', which is handled by a native Unity importer. Registration rejected.
UnityEngine.StackTraceUtility:ExtractStackTrace ()
UnityEditor.AssetImporters.ScriptedImporter:RegisterScriptedImporters ()

[C:\buildslave\unity\build\Modules/AssetDatabase/Editor/Public/ImporterRegistry.cpp line 245]

Unloading broken assembly Library/ScriptAssemblies/UnityEditor.UIBuilderModule.dll, this assembly can cause crashes in the runtime

Native extension for WindowsStandalone target not found
Native extension for OSXStandalone target not found
Native extension for WebGL target not found
Refreshing native plugins compatible for Editor in 0.84 ms, found 3 plugins.
Preloading 0 native plugins for Editor in 0.00 ms.
ASSEMBLY OVERRIDES: * override found for Unity assembly UnityEngine.UIElementsModule.dll (override path Library/ScriptAssemblies/UnityEngine.UIElementsModule.dll)
ASSEMBLY OVERRIDES: * override found for Unity assembly UnityEditor.UIElementsModule.dll (override path Library/ScriptAssemblies/UnityEditor.UIElementsModule.dll)
System.Reflection.TargetInvocationException: Exception has been thrown by the target of an invocation. ---> UnityEngine.UnityException: The MakeClientFunc has already been registered. Registration denied.
  at UnityEngine.UIElements.DragAndDropUtility.RegisterMakeClientFunc (System.Func`1[TResult] makeClient) [0x00017] in <f28f649cfb6a4dd5a118cb05800b248d>:0 
  at UnityEditor.UIElements.EditorDragAndDrop.RegisterEditorClient () [0x0000a] in <17cba49fae414354b79f447a7073fc5b>:0 
  at (wrapper managed-to-native) System.Reflection.MonoMethod.InternalInvoke(System.Reflection.MonoMethod,object,object[],System.Exception&)
  at System.Reflection.MonoMethod.Invoke (System.Object obj, System.Reflection.BindingFlags invokeAttr, System.Reflection.Binder binder, System.Object[] parameters, System.Globalization.CultureInfo culture) [0x00032] in <695d1cc93cca45069c528c15c9fdd749>:0 
   --- End of inner exception stack trace ---
  at System.Reflection.MonoMethod.Invoke (System.Object obj, System.Reflection.BindingFlags invokeAttr, System.Reflection.Binder binder, System.Object[] parameters, System.Globalization.CultureInfo culture) [0x00048] in <695d1cc93cca45069c528c15c9fdd749>:0 
  at System.Reflection.MethodBase.Invoke (System.Object obj, System.Object[] parameters) [0x00000] in <695d1cc93cca45069c528c15c9fdd749>:0 
  at UnityEditor.EditorAssemblies.ProcessInitializeOnLoadMethodAttributes () [0x00047] in <d0e4b8c1204147f3935b6e9c8b8565ad>:0 
UnityEngine.StackTraceUtility:ExtractStackTrace ()
UnityEngine.DebugLogHandler:LogFormat (UnityEngine.LogType,UnityEngine.Object,string,object[])
UnityEngine.Logger:Log (UnityEngine.LogType,object)
UnityEngine.Debug:LogError (object)
UnityEditor.EditorAssemblies:ProcessInitializeOnLoadMethodAttributes ()

ASSEMBLY OVERRIDES: * override found for Unity assembly UnityEngine.UIElementsModule.dll (override path Library/ScriptAssemblies/UnityEngine.UIElementsModule.dll)
ASSEMBLY OVERRIDES: * override found for Unity assembly UnityEditor.UIElementsModule.dll (override path Library/ScriptAssemblies/UnityEditor.UIElementsModule.dll)
Mono: successfully reloaded assembly
ArgumentException: An item with the same key has already been added. Key: UnityEditor.UIElements.EditorAtlasMonitorInjector
Parameter name: key
  at System.Collections.Generic.SortedList`2[TKey,TValue].Add (TKey key, TValue value) [0x00041] in <0463b2ef957545c0a51b42f372cd4fbb>:0 
  at UnityEditor.AssetPostprocessingInternal.GetTextureProcessorsHashString () [0x000a2] in <d0e4b8c1204147f3935b6e9c8b8565ad>:0 
UnityEngine.DebugLogHandler:Internal_LogException(Exception, Object)
UnityEngine.DebugLogHandler:LogException(Exception, Object)
UnityEngine.Logger:LogException(Exception, Object)
UnityEngine.Debug:LogException(Exception)
UnityEditor.AssetPostprocessingInternal:GetTextureProcessorsHashString()

- Completed reload, in  1.482 seconds
Domain Reload Profiling:
	ReloadAssembly (1483ms)
		BeginReloadAssembly (203ms)
			ExecutionOrderSort (0ms)
			DisableScriptedObjects (14ms)
			BackupInstance (0ms)
			ReleaseScriptingObjects (0ms)
			CreateAndSetChildDomain (79ms)
		EndReloadAssembly (1201ms)
			LoadAssemblies (136ms)
			RebuildTransferFunctionScriptingTraits (0ms)
			SetupTypeCache (362ms)
			ReleaseScriptCaches (1ms)
			RebuildScriptCaches (67ms)
			SetupLoadedEditorAssemblies (519ms)
				LogAssemblyErrors (0ms)
				InitializePlatformSupportModulesInManaged (9ms)
				SetLoadedEditorAssemblies (1ms)
				RefreshPlugins (1ms)
				BeforeProcessingInitializeOnLoad (120ms)
				ProcessInitializeOnLoadAttributes (364ms)
				ProcessInitializeOnLoadMethodAttributes (17ms)
				AfterProcessingInitializeOnLoad (7ms)
				EditorAssembliesLoaded (0ms)
			ExecutionOrderSort2 (0ms)
			AwakeInstancesAfterBackupRestoration (13ms)
Platform modules already initialized, skipping
Refreshing native plugins compatible for Editor in 0.91 ms, found 3 plugins.
Preloading 0 native plugins for Editor in 0.00 ms.
Unloading 2736 Unused Serialized files (Serialized files now loaded: 0)
System memory in use before: 121.7 MB.
System memory in use after: 121.9 MB.

Unloading 18 unused Assets to reduce memory usage. Loaded Objects now: 3224.
Total: 4.472700 ms (FindLiveObjects: 0.375400 ms CreateObjectMapping: 0.144200 ms MarkObjects: 3.877400 ms  DeleteObjects: 0.074400 ms)

AssetImportParameters requested are different than current active one (requested -> active):
  custom:framework-win-MediaFoundation: 216162199b28c13a410421893ffa2e32 -> 
  custom:video-decoder-ogg-theora: a1e56fd34408186e4bbccfd4996cb3dc -> 
  custom:container-muxer-webm: aa71ff27fc2769a1b78a27578f13a17b -> 
  custom:container-demuxer-webm: 4f35f7cbe854078d1ac9338744f61a02 -> 
  custom:container-demuxer-ogg: 62fdf1f143b41e24485cea50d1cbac27 -> 
  custom:video-encoder-webm-vp8: eb34c28f22e8b96e1ab97ce403110664 -> 
  custom:video-decoder-webm-vp8: 9c59270c3fd7afecdb556c50c9e8de78 -> 
  custom:audio-decoder-ogg-vorbis: bf7c407c2cedff20999df2af8eb42d56 -> 
  custom:audio-encoder-webm-vorbis: bf7c407c2cedff20999df2af8eb42d56 -> 
========================================================================
Received Prepare
Registering precompiled user dll's ...
Registered in 0.012203 seconds.
ASSEMBLY OVERRIDES: * override found for Unity assembly UnityEngine.UIElementsModule.dll (override path Library/ScriptAssemblies/UnityEngine.UIElementsModule.dll)
ASSEMBLY OVERRIDES: * override found for Unity assembly UnityEditor.UIElementsModule.dll (override path Library/ScriptAssemblies/UnityEditor.UIElementsModule.dll)
Begin MonoManager ReloadAssembly
Symbol file LoadedFromMemory is not a mono symbol file
Error: Could not load signature of Unity.UI.Builder.BuilderTextShadow:.ctor due to: Could not resolve type with token 01000099 (from typeref, class/assembly UnityEngine.UIElements.StyleTextShadow, UnityEngine.UIElementsModule, Version=1.0.0.0, Culture=neutral, PublicKeyToken=null) assembly:UnityEngine.UIElementsModule, Version=1.0.0.0, Culture=neutral, PublicKeyToken=null type:UnityEngine.UIElements.StyleTextShadow member:(null) signature:<none>

The scripted importer 'UIElementsViewImporter' attempted to register file type '.uxml', which is handled by a native Unity importer. Registration rejected.
UnityEngine.StackTraceUtility:ExtractStackTrace ()
UnityEditor.AssetImporters.ScriptedImporter:RegisterScriptedImporters ()

[C:\buildslave\unity\build\Modules/AssetDatabase/Editor/Public/ImporterRegistry.cpp line 245]

The scripted importer 'StyleSheetImporter' attempted to register file type '.uss', which is handled by a native Unity importer. Registration rejected.
UnityEngine.StackTraceUtility:ExtractStackTrace ()
UnityEditor.AssetImporters.ScriptedImporter:RegisterScriptedImporters ()

[C:\buildslave\unity\build\Modules/AssetDatabase/Editor/Public/ImporterRegistry.cpp line 245]

The scripted importer 'ThemeStyleSheetImporter' attempted to register file type '.tss', which is handled by a native Unity importer. Registration rejected.
UnityEngine.StackTraceUtility:ExtractStackTrace ()
UnityEditor.AssetImporters.ScriptedImporter:RegisterScriptedImporters ()

[C:\buildslave\unity\build\Modules/AssetDatabase/Editor/Public/ImporterRegistry.cpp line 245]

Unloading broken assembly Library/ScriptAssemblies/UnityEditor.UIBuilderModule.dll, this assembly can cause crashes in the runtime

Native extension for WindowsStandalone target not found
Native extension for OSXStandalone target not found
Native extension for WebGL target not found
Refreshing native plugins compatible for Editor in 1.11 ms, found 3 plugins.
Preloading 0 native plugins for Editor in 0.00 ms.
ASSEMBLY OVERRIDES: * override found for Unity assembly UnityEngine.UIElementsModule.dll (override path Library/ScriptAssemblies/UnityEngine.UIElementsModule.dll)
ASSEMBLY OVERRIDES: * override found for Unity assembly UnityEditor.UIElementsModule.dll (override path Library/ScriptAssemblies/UnityEditor.UIElementsModule.dll)
System.Reflection.TargetInvocationException: Exception has been thrown by the target of an invocation. ---> UnityEngine.UnityException: The MakeClientFunc has already been registered. Registration denied.
  at UnityEngine.UIElements.DragAndDropUtility.RegisterMakeClientFunc (System.Func`1[TResult] makeClient) [0x00017] in <f28f649cfb6a4dd5a118cb05800b248d>:0 
  at UnityEditor.UIElements.EditorDragAndDrop.RegisterEditorClient () [0x0000a] in <17cba49fae414354b79f447a7073fc5b>:0 
  at (wrapper managed-to-native) System.Reflection.MonoMethod.InternalInvoke(System.Reflection.MonoMethod,object,object[],System.Exception&)
  at System.Reflection.MonoMethod.Invoke (System.Object obj, System.Reflection.BindingFlags invokeAttr, System.Reflection.Binder binder, System.Object[] parameters, System.Globalization.CultureInfo culture) [0x00032] in <695d1cc93cca45069c528c15c9fdd749>:0 
   --- End of inner exception stack trace ---
  at System.Reflection.MonoMethod.Invoke (System.Object obj, System.Reflection.BindingFlags invokeAttr, System.Reflection.Binder binder, System.Object[] parameters, System.Globalization.CultureInfo culture) [0x00048] in <695d1cc93cca45069c528c15c9fdd749>:0 
  at System.Reflection.MethodBase.Invoke (System.Object obj, System.Object[] parameters) [0x00000] in <695d1cc93cca45069c528c15c9fdd749>:0 
  at UnityEditor.EditorAssemblies.ProcessInitializeOnLoadMethodAttributes () [0x00047] in <d0e4b8c1204147f3935b6e9c8b8565ad>:0 
UnityEngine.StackTraceUtility:ExtractStackTrace ()
UnityEngine.DebugLogHandler:LogFormat (UnityEngine.LogType,UnityEngine.Object,string,object[])
UnityEngine.Logger:Log (UnityEngine.LogType,object)
UnityEngine.Debug:LogError (object)
UnityEditor.EditorAssemblies:ProcessInitializeOnLoadMethodAttributes ()

ASSEMBLY OVERRIDES: * override found for Unity assembly UnityEngine.UIElementsModule.dll (override path Library/ScriptAssemblies/UnityEngine.UIElementsModule.dll)
ASSEMBLY OVERRIDES: * override found for Unity assembly UnityEditor.UIElementsModule.dll (override path Library/ScriptAssemblies/UnityEditor.UIElementsModule.dll)
Mono: successfully reloaded assembly
ArgumentException: An item with the same key has already been added. Key: UnityEditor.UIElements.EditorAtlasMonitorInjector
Parameter name: key
  at System.Collections.Generic.SortedList`2[TKey,TValue].Add (TKey key, TValue value) [0x00041] in <0463b2ef957545c0a51b42f372cd4fbb>:0 
  at UnityEditor.AssetPostprocessingInternal.GetTextureProcessorsHashString () [0x000a2] in <d0e4b8c1204147f3935b6e9c8b8565ad>:0 
UnityEngine.DebugLogHandler:Internal_LogException(Exception, Object)
UnityEngine.DebugLogHandler:LogException(Exception, Object)
UnityEngine.Logger:LogException(Exception, Object)
UnityEngine.Debug:LogException(Exception)
UnityEditor.AssetPostprocessingInternal:GetTextureProcessorsHashString()

- Completed reload, in  1.642 seconds
Domain Reload Profiling:
	ReloadAssembly (1642ms)
		BeginReloadAssembly (147ms)
			ExecutionOrderSort (0ms)
			DisableScriptedObjects (8ms)
			BackupInstance (0ms)
			ReleaseScriptingObjects (0ms)
			CreateAndSetChildDomain (44ms)
		EndReloadAssembly (1407ms)
			LoadAssemblies (131ms)
			RebuildTransferFunctionScriptingTraits (0ms)
			SetupTypeCache (435ms)
			ReleaseScriptCaches (1ms)
			RebuildScriptCaches (75ms)
			SetupLoadedEditorAssemblies (594ms)
				LogAssemblyErrors (0ms)
				InitializePlatformSupportModulesInManaged (11ms)
				SetLoadedEditorAssemblies (1ms)
				RefreshPlugins (1ms)
				BeforeProcessingInitializeOnLoad (147ms)
				ProcessInitializeOnLoadAttributes (410ms)
				ProcessInitializeOnLoadMethodAttributes (17ms)
				AfterProcessingInitializeOnLoad (7ms)
				EditorAssembliesLoaded (0ms)
			ExecutionOrderSort2 (0ms)
			AwakeInstancesAfterBackupRestoration (13ms)
Platform modules already initialized, skipping
Refreshing native plugins compatible for Editor in 0.74 ms, found 3 plugins.
Preloading 0 native plugins for Editor in 0.00 ms.
Unloading 2736 Unused Serialized files (Serialized files now loaded: 0)
System memory in use before: 121.8 MB.
System memory in use after: 122.0 MB.

Unloading 18 unused Assets to reduce memory usage. Loaded Objects now: 3227.
Total: 4.919800 ms (FindLiveObjects: 0.517600 ms CreateObjectMapping: 0.263000 ms MarkObjects: 4.060100 ms  DeleteObjects: 0.077300 ms)

AssetImportParameters requested are different than current active one (requested -> active):
  custom:framework-win-MediaFoundation: 216162199b28c13a410421893ffa2e32 -> 
  custom:video-decoder-ogg-theora: a1e56fd34408186e4bbccfd4996cb3dc -> 
  custom:container-muxer-webm: aa71ff27fc2769a1b78a27578f13a17b -> 
  custom:container-demuxer-webm: 4f35f7cbe854078d1ac9338744f61a02 -> 
  custom:container-demuxer-ogg: 62fdf1f143b41e24485cea50d1cbac27 -> 
  custom:video-encoder-webm-vp8: eb34c28f22e8b96e1ab97ce403110664 -> 
  custom:video-decoder-webm-vp8: 9c59270c3fd7afecdb556c50c9e8de78 -> 
  custom:audio-decoder-ogg-vorbis: bf7c407c2cedff20999df2af8eb42d56 -> 
  custom:audio-encoder-webm-vorbis: bf7c407c2cedff20999df2af8eb42d56 -> 
AssetImportWorkerClient::OnTransportError - code=2 error=End of file
